#
# There is insufficient memory for the Java Runtime Environment to continue.
# Native memory allocation (mmap) failed to map 36175872 bytes for committing reserved memory.
# Possible reasons:
#   The system is out of physical RAM or swap space
#   In 32 bit mode, the process size limit was hit
# Possible solutions:
#   Reduce memory load on the system
#   Increase physical memory or swap space
#   Check if swap backing store is full
#   Use 64 bit Java on a 64 bit OS
#   Decrease Java heap size (-Xmx/-Xms)
#   Decrease number of Java threads
#   Decrease Java thread stack sizes (-Xss)
#   Set larger code cache with -XX:ReservedCodeCacheSize=
# This output file may be truncated or incomplete.
#
#  Out of Memory Error (os_linux.cpp:2627), pid=10022, tid=0x00007f337c5b6700
#
# JRE version: Java(TM) SE Runtime Environment (8.0_111-b14) (build 1.8.0_111-b14)
# Java VM: Java HotSpot(TM) 64-Bit Server VM (25.111-b14 mixed mode linux-amd64 compressed oops)
# Failed to write core dump. Core dumps have been disabled. To enable core dumping, try "ulimit -c unlimited" before starting Java again
#

---------------  T H R E A D  ---------------

Current thread (0x00007f3394078000):  VMThread [stack: 0x00007f337c4b6000,0x00007f337c5b7000] [id=10030]

Stack: [0x00007f337c4b6000,0x00007f337c5b7000],  sp=0x00007f337c5b51e0,  free space=1020k
Native frames: (J=compiled Java code, j=interpreted, Vv=VM code, C=native code)
V  [libjvm.so+0xac5c2a]  VMError::report_and_die()+0x2ba
V  [libjvm.so+0x4fc50b]  report_vm_out_of_memory(char const*, int, unsigned long, VMErrorType, char const*)+0x8b
V  [libjvm.so+0x922ae3]  os::Linux::commit_memory_impl(char*, unsigned long, bool)+0x103
V  [libjvm.so+0x923039]  os::pd_commit_memory(char*, unsigned long, unsigned long, bool)+0x29
V  [libjvm.so+0x91d33a]  os::commit_memory(char*, unsigned long, unsigned long, bool)+0x2a
V  [libjvm.so+0x991ac3]  PSVirtualSpace::expand_by(unsigned long)+0x53
V  [libjvm.so+0x992ec8]  PSYoungGen::resize_generation(unsigned long, unsigned long)+0xf8
V  [libjvm.so+0x992022]  PSYoungGen::resize(unsigned long, unsigned long)+0x22
V  [libjvm.so+0x98f2fb]  PSScavenge::invoke_no_policy()+0xf3b
V  [libjvm.so+0x98fa81]  PSScavenge::invoke()+0x41
V  [libjvm.so+0x9467d0]  ParallelScavengeHeap::failed_mem_allocate(unsigned long)+0x70
V  [libjvm.so+0xac7647]  VM_ParallelGCFailedAllocation::doit()+0x97
V  [libjvm.so+0xacf125]  VM_Operation::evaluate()+0x55
V  [libjvm.so+0xacd4fa]  VMThread::evaluate_operation(VM_Operation*)+0xba
V  [libjvm.so+0xacd87e]  VMThread::loop()+0x1ce
V  [libjvm.so+0xacdcf0]  VMThread::run()+0x70
V  [libjvm.so+0x924ea8]  java_start(Thread*)+0x108

VM_Operation (0x00007f3365d5e360): ParallelGCFailedAllocation, mode: safepoint, requested by thread 0x00007f3338008000


---------------  P R O C E S S  ---------------

Java Threads: ( => current thread )
  0x00007f3334a2b000 JavaThread "Stdin handler" [_thread_blocked, id=10121, stack(0x00007f3365a61000,0x00007f3365b62000)]
  0x00007f3334008800 JavaThread "Asynchronous log dispatcher for org.gradle.launcher.daemon.server.DefaultDaemonConnection@76662e12" [_thread_blocked, id=10120, stack(0x00007f3365b62000,0x00007f3365c63000)]
  0x00007f3338003800 JavaThread "Cancel handler" [_thread_blocked, id=10118, stack(0x00007f3365d64000,0x00007f3365e65000)]
  0x00007f3338007000 JavaThread "Handler for socket connection from /127.0.0.1:39038 to /127.0.0.1:52990" [_thread_in_native, id=10117, stack(0x00007f3365e65000,0x00007f3365f66000)]
  0x00007f33344c5000 JavaThread "File lock request listener" [_thread_in_native, id=10050, stack(0x00007f33652e8000,0x00007f33653e9000)]
  0x00007f3338008000 JavaThread "Daemon worker" [_thread_blocked, id=10045, stack(0x00007f3365c63000,0x00007f3365d64000)]
  0x00007f3344015000 JavaThread "Daemon" [_thread_blocked, id=10042, stack(0x00007f3365f66000,0x00007f3366067000)]
  0x00007f3394bd2800 JavaThread "Incoming local TCP Connector on port 39038" [_thread_in_native, id=10040, stack(0x00007f336626e000,0x00007f336636f000)]
  0x00007f3394bad800 JavaThread "pool-1-thread-1" [_thread_blocked, id=10039, stack(0x00007f336636f000,0x00007f3366470000)]
  0x00007f33940da000 JavaThread "Service Thread" daemon [_thread_blocked, id=10037, stack(0x00007f336761b000,0x00007f336771c000)]
  0x00007f33940bd000 JavaThread "C1 CompilerThread2" daemon [_thread_blocked, id=10036, stack(0x00007f336771c000,0x00007f336781d000)]
  0x00007f33940bb000 JavaThread "C2 CompilerThread1" daemon [_thread_blocked, id=10035, stack(0x00007f336781d000,0x00007f336791e000)]
  0x00007f33940b8800 JavaThread "C2 CompilerThread0" daemon [_thread_blocked, id=10034, stack(0x00007f337c0b2000,0x00007f337c1b3000)]
  0x00007f33940b7000 JavaThread "Signal Dispatcher" daemon [_thread_blocked, id=10033, stack(0x00007f337c1b3000,0x00007f337c2b4000)]
  0x00007f3394084000 JavaThread "Finalizer" daemon [_thread_blocked, id=10032, stack(0x00007f337c2b4000,0x00007f337c3b5000)]
  0x00007f339407f800 JavaThread "Reference Handler" daemon [_thread_blocked, id=10031, stack(0x00007f337c3b5000,0x00007f337c4b6000)]
  0x00007f339400a000 JavaThread "main" [_thread_blocked, id=10025, stack(0x00007f339ab66000,0x00007f339ac67000)]

Other Threads:
=>0x00007f3394078000 VMThread [stack: 0x00007f337c4b6000,0x00007f337c5b7000] [id=10030]
  0x00007f33940dd000 WatcherThread [stack: 0x00007f336751a000,0x00007f336761b000] [id=10038]

VM state:at safepoint (normal execution)

VM Mutex/Monitor currently owned by a thread:  ([mutex/lock_event])
[0x00007f3394006280] Threads_lock - owner thread: 0x00007f3394078000
[0x00007f3394006780] Heap_lock - owner thread: 0x00007f3338008000

Heap:
 PSYoungGen      total 151552K, used 10222K [0x00000000eab00000, 0x00000000f6700000, 0x0000000100000000)
  eden space 141312K, 0% used [0x00000000eab00000,0x00000000eab00000,0x00000000f3500000)
  from space 10240K, 99% used [0x00000000f3500000,0x00000000f3efbba8,0x00000000f3f00000)
  to   space 10752K, 0% used [0x00000000f3f00000,0x00000000f3f00000,0x00000000f4980000)
 ParOldGen       total 42496K, used 24081K [0x00000000c0000000, 0x00000000c2980000, 0x00000000eab00000)
  object space 42496K, 56% used [0x00000000c0000000,0x00000000c17844c8,0x00000000c2980000)
 Metaspace       used 44161K, capacity 45348K, committed 45440K, reserved 1089536K
  class space    used 5972K, capacity 6201K, committed 6272K, reserved 1048576K

Card table byte_map: [0x00007f3384619000,0x00007f338481a000] byte_map_base: 0x00007f3384019000

Marking Bits: (ParMarkBitMap*) 0x00007f339a044220
 Begin Bits: [0x00007f337e000000, 0x00007f337f000000)
 End Bits:   [0x00007f337f000000, 0x00007f3380000000)

Polling page: 0x00007f339ac8d000

CodeCache: size=245760Kb used=17514Kb max_used=17514Kb free=228245Kb
 bounds [0x00007f3384bda000, 0x00007f3385d0a000, 0x00007f3393bda000]
 total_blobs=5550 nmethods=4856 adapters=606
 compilation: enabled

Compilation events (10 events):
Event: 88.576 Thread 0x00007f33940bd000 nmethod 5419 0x00007f3385cfffd0 code [0x00007f3385d001a0, 0x00007f3385d007f0]
Event: 88.576 Thread 0x00007f33940bd000 5423       3       org.gradle.api.internal.artifacts.configurations.DefaultConfiguration_Decorated::getName (26 bytes)
Event: 88.576 Thread 0x00007f33940bd000 nmethod 5423 0x00007f3385cfc4d0 code [0x00007f3385cfc6a0, 0x00007f3385cfcf38]
Event: 88.576 Thread 0x00007f33940bd000 5424       3       java.util.TreeMap$KeyIterator::next (8 bytes)
Event: 88.576 Thread 0x00007f33940bd000 nmethod 5424 0x00007f3385cfc090 code [0x00007f3385cfc200, 0x00007f3385cfc408]
Event: 88.576 Thread 0x00007f33940bd000 5425       1       org.gradle.api.internal.artifacts.ivyservice.resolveengine.graph.DependencyGraphBuilder$ModuleVersionResolveState::access$800 (5 bytes)
Event: 88.577 Thread 0x00007f33940bd000 nmethod 5425 0x00007f3385cffc90 code [0x00007f3385cffde0, 0x00007f3385cffed0]
Event: 88.643 Thread 0x00007f33940bd000 5428       3       org.apache.xerces.dom.DeferredDocumentImpl::createDeferredEntity (202 bytes)
Event: 88.643 Thread 0x00007f33940b8800 5426       4       org.apache.xerces.util.ParserConfigurationSettings::addRecognizedFeatures (52 bytes)
Event: 88.643 Thread 0x00007f33940bb000 5427 %     4       org.apache.xerces.parsers.AbstractDOMParser::internalEntityDecl @ 279 (385 bytes)

GC Heap History (10 events):
Event: 3.327 GC heap after
Heap after GC invocations=6 (full 1):
 PSYoungGen      total 66048K, used 0K [0x00000000eab00000, 0x00000000f3a00000, 0x0000000100000000)
  eden space 63488K, 0% used [0x00000000eab00000,0x00000000eab00000,0x00000000ee900000)
  from space 2560K, 0% used [0x00000000ee900000,0x00000000ee900000,0x00000000eeb80000)
  to   space 9728K, 0% used [0x00000000f3080000,0x00000000f3080000,0x00000000f3a00000)
 ParOldGen       total 42496K, used 12165K [0x00000000c0000000, 0x00000000c2980000, 0x00000000eab00000)
  object space 42496K, 28% used [0x00000000c0000000,0x00000000c0be1520,0x00000000c2980000)
 Metaspace       used 20695K, capacity 21152K, committed 21296K, reserved 1067008K
  class space    used 2771K, capacity 2916K, committed 2944K, reserved 1048576K
}
Event: 4.506 GC heap before
{Heap before GC invocations=7 (full 1):
 PSYoungGen      total 66048K, used 60660K [0x00000000eab00000, 0x00000000f3a00000, 0x0000000100000000)
  eden space 63488K, 95% used [0x00000000eab00000,0x00000000ee63d348,0x00000000ee900000)
  from space 2560K, 0% used [0x00000000ee900000,0x00000000ee900000,0x00000000eeb80000)
  to   space 9728K, 0% used [0x00000000f3080000,0x00000000f3080000,0x00000000f3a00000)
 ParOldGen       total 42496K, used 12165K [0x00000000c0000000, 0x00000000c2980000, 0x00000000eab00000)
  object space 42496K, 28% used [0x00000000c0000000,0x00000000c0be1520,0x00000000c2980000)
 Metaspace       used 26921K, capacity 27584K, committed 27776K, reserved 1073152K
  class space    used 3686K, capacity 3855K, committed 3968K, reserved 1048576K
Event: 4.536 GC heap after
Heap after GC invocations=7 (full 1):
 PSYoungGen      total 105472K, used 8586K [0x00000000eab00000, 0x00000000f3900000, 0x0000000100000000)
  eden space 96768K, 0% used [0x00000000eab00000,0x00000000eab00000,0x00000000f0980000)
  from space 8704K, 98% used [0x00000000f3080000,0x00000000f38e29b8,0x00000000f3900000)
  to   space 10752K, 0% used [0x00000000f2400000,0x00000000f2400000,0x00000000f2e80000)
 ParOldGen       total 42496K, used 12173K [0x00000000c0000000, 0x00000000c2980000, 0x00000000eab00000)
  object space 42496K, 28% used [0x00000000c0000000,0x00000000c0be3520,0x00000000c2980000)
 Metaspace       used 26921K, capacity 27584K, committed 27776K, reserved 1073152K
  class space    used 3686K, capacity 3855K, committed 3968K, reserved 1048576K
}
Event: 4.536 GC heap before
{Heap before GC invocations=8 (full 2):
 PSYoungGen      total 105472K, used 8586K [0x00000000eab00000, 0x00000000f3900000, 0x0000000100000000)
  eden space 96768K, 0% used [0x00000000eab00000,0x00000000eab00000,0x00000000f0980000)
  from space 8704K, 98% used [0x00000000f3080000,0x00000000f38e29b8,0x00000000f3900000)
  to   space 10752K, 0% used [0x00000000f2400000,0x00000000f2400000,0x00000000f2e80000)
 ParOldGen       total 42496K, used 12173K [0x00000000c0000000, 0x00000000c2980000, 0x00000000eab00000)
  object space 42496K, 28% used [0x00000000c0000000,0x00000000c0be3520,0x00000000c2980000)
 Metaspace       used 26921K, capacity 27584K, committed 27776K, reserved 1073152K
  class space    used 3686K, capacity 3855K, committed 3968K, reserved 1048576K
Event: 4.656 GC heap after
Heap after GC invocations=8 (full 2):
 PSYoungGen      total 105472K, used 0K [0x00000000eab00000, 0x00000000f3900000, 0x0000000100000000)
  eden space 96768K, 0% used [0x00000000eab00000,0x00000000eab00000,0x00000000f0980000)
  from space 8704K, 0% used [0x00000000f3080000,0x00000000f3080000,0x00000000f3900000)
  to   space 10752K, 0% used [0x00000000f2400000,0x00000000f2400000,0x00000000f2e80000)
 ParOldGen       total 42496K, used 15488K [0x00000000c0000000, 0x00000000c2980000, 0x00000000eab00000)
  object space 42496K, 36% used [0x00000000c0000000,0x00000000c0f20278,0x00000000c2980000)
 Metaspace       used 26906K, capacity 27566K, committed 27776K, reserved 1073152K
  class space    used 3681K, capacity 3849K, committed 3968K, reserved 1048576K
}
Event: 25.478 GC heap before
{Heap before GC invocations=9 (full 2):
 PSYoungGen      total 105472K, used 96768K [0x00000000eab00000, 0x00000000f3900000, 0x0000000100000000)
  eden space 96768K, 100% used [0x00000000eab00000,0x00000000f0980000,0x00000000f0980000)
  from space 8704K, 0% used [0x00000000f3080000,0x00000000f3080000,0x00000000f3900000)
  to   space 10752K, 0% used [0x00000000f2400000,0x00000000f2400000,0x00000000f2e80000)
 ParOldGen       total 42496K, used 15488K [0x00000000c0000000, 0x00000000c2980000, 0x00000000eab00000)
  object space 42496K, 36% used [0x00000000c0000000,0x00000000c0f20278,0x00000000c2980000)
 Metaspace       used 31370K, capacity 32194K, committed 32512K, reserved 1077248K
  class space    used 4311K, capacity 4513K, committed 4608K, reserved 1048576K
Event: 25.490 GC heap after
Heap after GC invocations=9 (full 2):
 PSYoungGen      total 134656K, used 6295K [0x00000000eab00000, 0x00000000f4980000, 0x0000000100000000)
  eden space 123904K, 0% used [0x00000000eab00000,0x00000000eab00000,0x00000000f2400000)
  from space 10752K, 58% used [0x00000000f2400000,0x00000000f2a25cf8,0x00000000f2e80000)
  to   space 10752K, 0% used [0x00000000f3f00000,0x00000000f3f00000,0x00000000f4980000)
 ParOldGen       total 42496K, used 15496K [0x00000000c0000000, 0x00000000c2980000, 0x00000000eab00000)
  object space 42496K, 36% used [0x00000000c0000000,0x00000000c0f22278,0x00000000c2980000)
 Metaspace       used 31370K, capacity 32194K, committed 32512K, reserved 1077248K
  class space    used 4311K, capacity 4513K, committed 4608K, reserved 1048576K
}
Event: 82.916 GC heap before
{Heap before GC invocations=10 (full 2):
 PSYoungGen      total 134656K, used 130199K [0x00000000eab00000, 0x00000000f4980000, 0x0000000100000000)
  eden space 123904K, 100% used [0x00000000eab00000,0x00000000f2400000,0x00000000f2400000)
  from space 10752K, 58% used [0x00000000f2400000,0x00000000f2a25cf8,0x00000000f2e80000)
  to   space 10752K, 0% used [0x00000000f3f00000,0x00000000f3f00000,0x00000000f4980000)
 ParOldGen       total 42496K, used 15496K [0x00000000c0000000, 0x00000000c2980000, 0x00000000eab00000)
  object space 42496K, 36% used [0x00000000c0000000,0x00000000c0f22278,0x00000000c2980000)
 Metaspace       used 33676K, capacity 34766K, committed 35072K, reserved 1079296K
  class space    used 4563K, capacity 4762K, committed 4864K, reserved 1048576K
Event: 82.950 GC heap after
Heap after GC invocations=10 (full 2):
 PSYoungGen      total 152064K, used 6637K [0x00000000eab00000, 0x00000000f6700000, 0x0000000100000000)
  eden space 141312K, 0% used [0x00000000eab00000,0x00000000eab00000,0x00000000f3500000)
  from space 10752K, 61% used [0x00000000f3f00000,0x00000000f457b6e0,0x00000000f4980000)
  to   space 10240K, 0% used [0x00000000f3500000,0x00000000f3500000,0x00000000f3f00000)
 ParOldGen       total 42496K, used 15504K [0x00000000c0000000, 0x00000000c2980000, 0x00000000eab00000)
  object space 42496K, 36% used [0x00000000c0000000,0x00000000c0f24278,0x00000000c2980000)
 Metaspace       used 33676K, capacity 34766K, committed 35072K, reserved 1079296K
  class space    used 4563K, capacity 4762K, committed 4864K, reserved 1048576K
}
Event: 88.652 GC heap before
{Heap before GC invocations=11 (full 2):
 PSYoungGen      total 152064K, used 147949K [0x00000000eab00000, 0x00000000f6700000, 0x0000000100000000)
  eden space 141312K, 100% used [0x00000000eab00000,0x00000000f3500000,0x00000000f3500000)
  from space 10752K, 61% used [0x00000000f3f00000,0x00000000f457b6e0,0x00000000f4980000)
  to   space 10240K, 0% used [0x00000000f3500000,0x00000000f3500000,0x00000000f3f00000)
 ParOldGen       total 42496K, used 15504K [0x00000000c0000000, 0x00000000c2980000, 0x00000000eab00000)
  object space 42496K, 36% used [0x00000000c0000000,0x00000000c0f24278,0x00000000c2980000)
 Metaspace       used 44161K, capacity 45348K, committed 45440K, reserved 1089536K
  class space    used 5972K, capacity 6201K, committed 6272K, reserved 1048576K

Deoptimization events (10 events):
Event: 85.856 Thread 0x00007f3338008000 Uncommon trap: reason=class_check action=maybe_recompile pc=0x00007f3385a296d4 method=java.util.AbstractList$Itr.hasNext()Z @ 8
Event: 86.129 Thread 0x00007f3338008000 Uncommon trap: reason=unstable_if action=reinterpret pc=0x00007f338521299c method=sun.misc.MetaIndex.mayContain(Ljava/lang/String;)Z @ 38
Event: 86.134 Thread 0x00007f3338008000 Uncommon trap: reason=unstable_if action=reinterpret pc=0x00007f3384dae10c method=sun.misc.MetaIndex.mayContain(Ljava/lang/String;)Z @ 38
Event: 86.135 Thread 0x00007f3338008000 Uncommon trap: reason=class_check action=maybe_recompile pc=0x00007f33850047c4 method=java.io.DataInputStream.readUnsignedShort()I @ 4
Event: 86.135 Thread 0x00007f3338008000 Uncommon trap: reason=class_check action=maybe_recompile pc=0x00007f33850047c4 method=java.io.DataInputStream.readUnsignedShort()I @ 4
Event: 86.135 Thread 0x00007f3338008000 Uncommon trap: reason=class_check action=maybe_recompile pc=0x00007f33850047c4 method=java.io.DataInputStream.readUnsignedShort()I @ 4
Event: 86.135 Thread 0x00007f3338008000 Uncommon trap: reason=class_check action=maybe_recompile pc=0x00007f33850047c4 method=java.io.DataInputStream.readUnsignedShort()I @ 4
Event: 86.906 Thread 0x00007f3338008000 Uncommon trap: reason=unstable_if action=reinterpret pc=0x00007f3385c62af0 method=java.lang.CharacterDataLatin1.digit(II)I @ 31
Event: 87.002 Thread 0x00007f3338008000 Uncommon trap: reason=unstable_if action=reinterpret pc=0x00007f33856dff50 method=java.lang.CharacterDataLatin1.digit(II)I @ 31
Event: 87.024 Thread 0x00007f3338008000 Uncommon trap: reason=unstable_if action=reinterpret pc=0x00007f33856a2c68 method=java.lang.CharacterDataLatin1.digit(II)I @ 31

Internal exceptions (10 events):
Event: 85.443 Thread 0x00007f3338008000 Exception <a 'java/lang/ClassNotFoundException': io/realm/transformer/RealmTransformerBeanInfo> (0x00000000f144d218) thrown at [/HUDSON3/workspace/8-2-build-linux-amd64/jdk8u111/7883/hotspot/src/share/vm/classfile/systemDictionary.cpp, line 210]
Event: 85.443 Thread 0x00007f3338008000 Exception <a 'java/lang/ClassNotFoundException': com/android/build/api/transform/TransformBeanInfo> (0x00000000f145d940) thrown at [/HUDSON3/workspace/8-2-build-linux-amd64/jdk8u111/7883/hotspot/src/share/vm/classfile/systemDictionary.cpp, line 210]
Event: 85.443 Thread 0x00007f3338008000 Exception <a 'java/lang/ClassNotFoundException': com/android/build/api/transform/TransformCustomizer> (0x00000000f146eb58) thrown at [/HUDSON3/workspace/8-2-build-linux-amd64/jdk8u111/7883/hotspot/src/share/vm/classfile/systemDictionary.cpp, line 210]
Event: 85.445 Thread 0x00007f3338008000 Exception <a 'java/lang/ClassNotFoundException': io/realm/transformer/RealmTransformerCustomizer> (0x00000000f14a3a58) thrown at [/HUDSON3/workspace/8-2-build-linux-amd64/jdk8u111/7883/hotspot/src/share/vm/classfile/systemDictionary.cpp, line 210]
Event: 85.448 Thread 0x00007f3338008000 Exception <a 'java/lang/ClassNotFoundException': org/slf4j/LoggerFactoryBeanInfo> (0x00000000f14f3820) thrown at [/HUDSON3/workspace/8-2-build-linux-amd64/jdk8u111/7883/hotspot/src/share/vm/classfile/systemDictionary.cpp, line 210]
Event: 85.449 Thread 0x00007f3338008000 Exception <a 'java/lang/ClassNotFoundException': org/slf4j/LoggerFactoryCustomizer> (0x00000000f15119e8) thrown at [/HUDSON3/workspace/8-2-build-linux-amd64/jdk8u111/7883/hotspot/src/share/vm/classfile/systemDictionary.cpp, line 210]
Event: 85.644 Thread 0x00007f3338008000 Exception <a 'java/lang/ClassNotFoundException': com/sun/org/glassfish/hk2/osgiresourcelocator/ServiceLoader> (0x00000000f1c46960) thrown at [/HUDSON3/workspace/8-2-build-linux-amd64/jdk8u111/7883/hotspot/src/share/vm/classfile/systemDictionary.cpp, line 
Event: 85.680 Thread 0x00007f3338008000 Exception <a 'java/lang/NullPointerException'> (0x00000000f1c7bd70) thrown at [/HUDSON3/workspace/8-2-build-linux-amd64/jdk8u111/7883/hotspot/src/share/vm/interpreter/linkResolver.cpp, line 1280]
Event: 87.463 Thread 0x00007f3338008000 Exception <a 'java/io/FileNotFoundException'> (0x00000000f289ad58) thrown at [/HUDSON3/workspace/8-2-build-linux-amd64/jdk8u111/7883/hotspot/src/share/vm/prims/jni.cpp, line 709]
Event: 87.570 Thread 0x00007f3338008000 Exception <a 'java/io/FileNotFoundException'> (0x00000000f2ca28e0) thrown at [/HUDSON3/workspace/8-2-build-linux-amd64/jdk8u111/7883/hotspot/src/share/vm/prims/jni.cpp, line 709]

Events (10 events):
Event: 88.562 loading class com/android/build/gradle/TestAndroidConfig done
Event: 88.563 loading class com/android/build/gradle/internal/profile/SpanRecorders
Event: 88.563 loading class com/android/build/gradle/internal/profile/SpanRecorders done
Event: 88.563 loading class org/gradle/api/artifacts/DependencySet
Event: 88.563 loading class org/gradle/api/artifacts/DependencySet done
Event: 88.565 loading class org/gradle/api/artifacts/Dependency
Event: 88.565 loading class org/gradle/api/artifacts/Dependency done
Event: 88.565 loading class org/gradle/api/artifacts/ProjectDependency
Event: 88.565 loading class org/gradle/api/artifacts/ProjectDependency done
Event: 88.651 Executing VM operation: ParallelGCFailedAllocation


Dynamic libraries:
00400000-00401000 r-xp 00000000 08:07 550402                             /usr/lib/jvm/java-8-oracle/bin/java
00600000-00601000 rw-p 00000000 08:07 550402                             /usr/lib/jvm/java-8-oracle/bin/java
01f2e000-01f4f000 rw-p 00000000 00:00 0                                  [heap]
c0000000-c2980000 rw-p 00000000 00:00 0 
c2980000-eab00000 ---p 00000000 00:00 0 
eab00000-f6700000 rw-p 00000000 00:00 0 
f8980000-100000000 ---p 00000000 00:00 0 
100000000-100620000 rw-p 00000000 00:00 0 
100620000-140000000 ---p 00000000 00:00 0 
7f331f600000-7f331f640000 rw-p 00000000 00:00 0 
7f331f640000-7f331f800000 ---p 00000000 00:00 0 
7f331f800000-7f331fa00000 rw-p 00000000 00:00 0 
7f331fa00000-7f331fc00000 rw-p 00000000 00:00 0 
7f331fc00000-7f331fe00000 rw-p 00000000 00:00 0 
7f331fe00000-7f3320000000 rw-p 00000000 00:00 0 
7f3320000000-7f3320021000 rw-p 00000000 00:00 0 
7f3320021000-7f3324000000 ---p 00000000 00:00 0 
7f3324000000-7f3324021000 rw-p 00000000 00:00 0 
7f3324021000-7f3328000000 ---p 00000000 00:00 0 
7f3328000000-7f3328021000 rw-p 00000000 00:00 0 
7f3328021000-7f332c000000 ---p 00000000 00:00 0 
7f332c000000-7f332c021000 rw-p 00000000 00:00 0 
7f332c021000-7f3330000000 ---p 00000000 00:00 0 
7f3330000000-7f3330021000 rw-p 00000000 00:00 0 
7f3330021000-7f3334000000 ---p 00000000 00:00 0 
7f3334000000-7f33353e2000 rw-p 00000000 00:00 0 
7f33353e2000-7f3338000000 ---p 00000000 00:00 0 
7f3338000000-7f3338021000 rw-p 00000000 00:00 0 
7f3338021000-7f333c000000 ---p 00000000 00:00 0 
7f333c000000-7f333c022000 rw-p 00000000 00:00 0 
7f333c022000-7f3340000000 ---p 00000000 00:00 0 
7f3340000000-7f3340021000 rw-p 00000000 00:00 0 
7f3340021000-7f3344000000 ---p 00000000 00:00 0 
7f3344000000-7f3344067000 rw-p 00000000 00:00 0 
7f3344067000-7f3348000000 ---p 00000000 00:00 0 
7f3348000000-7f3348021000 rw-p 00000000 00:00 0 
7f3348021000-7f334c000000 ---p 00000000 00:00 0 
7f334c000000-7f334c021000 rw-p 00000000 00:00 0 
7f334c021000-7f3350000000 ---p 00000000 00:00 0 
7f3350000000-7f33521be000 rw-p 00000000 00:00 0 
7f33521be000-7f3354000000 ---p 00000000 00:00 0 
7f3354000000-7f3354b31000 rw-p 00000000 00:00 0 
7f3354b31000-7f3358000000 ---p 00000000 00:00 0 
7f3358000000-7f3358021000 rw-p 00000000 00:00 0 
7f3358021000-7f335c000000 ---p 00000000 00:00 0 
7f335c000000-7f335d8a5000 rw-p 00000000 00:00 0 
7f335d8a5000-7f3360000000 ---p 00000000 00:00 0 
7f3360000000-7f3360021000 rw-p 00000000 00:00 0 
7f3360021000-7f3364000000 ---p 00000000 00:00 0 
7f33640ec000-7f33640ed000 rw-p 00000000 00:00 0 
7f33640ed000-7f3364100000 r--s 00345000 08:07 911722                     /usr/lib/jvm/java-8-oracle/jre/lib/resources.jar
7f3364100000-7f3364300000 rw-p 00000000 00:00 0 
7f3364300000-7f3364302000 r--s 00005000 08:08 717692                     /home/suraj/android-studio/gradle/m2repository/org/abego/treelayout/org.abego.treelayout.core/1.0.1/org.abego.treelayout.core-1.0.1.jar
7f3364302000-7f336430a000 r--s 000a8000 08:08 717801                     /home/suraj/android-studio/gradle/m2repository/com/android/tools/external/lombok/lombok-ast/0.2.3/lombok-ast-0.2.3.jar
7f336430a000-7f336430c000 r--s 0000d000 08:08 717856                     /home/suraj/android-studio/gradle/m2repository/commons-codec/commons-codec/1.4/commons-codec-1.4.jar
7f336430c000-7f336430e000 r--s 0000d000 08:08 587770                     /home/suraj/android-studio/gradle/m2repository/commons-logging/commons-logging/1.1.1/commons-logging-1.1.1.jar
7f336430e000-7f3364313000 r--s 00028000 08:08 717668                     /home/suraj/android-studio/gradle/m2repository/org/apache/httpcomponents/httpcore/4.1/httpcore-4.1.jar
7f3364313000-7f3364314000 r--s 00004000 08:08 717703                     /home/suraj/android-studio/gradle/m2repository/com/intellij/annotations/12.0/annotations-12.0.jar
7f3364314000-7f3364318000 r--s 00037000 08:08 717634                     /home/suraj/android-studio/gradle/m2repository/org/antlr/ST4/4.0.8/ST4-4.0.8.jar
7f3364318000-7f336431b000 r--s 00026000 08:08 717642                     /home/suraj/android-studio/gradle/m2repository/org/antlr/antlr-runtime/3.5.2/antlr-runtime-3.5.2.jar
7f336431b000-7f336431c000 r--s 00002000 08:08 717696                     /home/suraj/android-studio/gradle/m2repository/com/tunnelvisionlabs/antlr4-annotations/4.5/antlr4-annotations-4.5.jar
7f336431c000-7f3364323000 r--s 00062000 08:08 587824                     /home/suraj/android-studio/gradle/m2repository/com/tunnelvisionlabs/antlr4-runtime/4.5/antlr4-runtime-4.5.jar
7f3364323000-7f3364324000 r--s 00004000 08:08 587790                     /home/suraj/android-studio/gradle/m2repository/org/ow2/asm/asm-analysis/5.0.3/asm-analysis-5.0.3.jar
7f3364324000-7f3364327000 r--s 00030000 08:08 717817                     /home/suraj/android-studio/gradle/m2repository/com/android/tools/lint/lint-api/25.1.3/lint-api-25.1.3.jar
7f3364327000-7f3364328000 r--s 0000a000 08:08 587827                     /home/suraj/android-studio/gradle/m2repository/net/sf/kxml/kxml2/2.3.0/kxml2-2.3.0.jar
7f3364328000-7f336432a000 r--s 00005000 08:08 717664                     /home/suraj/android-studio/gradle/m2repository/org/apache/httpcomponents/httpmime/4.1/httpmime-4.1.jar
7f336432a000-7f3364332000 r--s 0004e000 08:08 717675                     /home/suraj/android-studio/gradle/m2repository/org/apache/httpcomponents/httpclient/4.1.1/httpclient-4.1.1.jar
7f3364332000-7f3364339000 r--s 00053000 08:08 717682                     /home/suraj/android-studio/gradle/m2repository/org/apache/commons/commons-compress/1.8.1/commons-compress-1.8.1.jar
7f3364339000-7f336433e000 r--s 0002a000 08:08 717719                     /home/suraj/android-studio/gradle/m2repository/com/google/code/gson/gson/2.2.4/gson-2.2.4.jar
7f336433e000-7f3364342000 r--s 00026000 08:08 717805                     /home/suraj/android-studio/gradle/m2repository/com/android/tools/repository/25.1.3/repository-25.1.3.jar
7f3364342000-7f3364343000 r--s 00005000 08:08 717793                     /home/suraj/android-studio/gradle/m2repository/com/android/tools/dvlib/25.1.3/dvlib-25.1.3.jar
7f3364343000-7f3364346000 r--s 00014000 08:08 717774                     /home/suraj/android-studio/gradle/m2repository/com/android/tools/layoutlib/layoutlib-api/25.1.3/layoutlib-api-25.1.3.jar
7f3364346000-7f336434b000 r--s 00058000 08:08 587776                     /home/suraj/android-studio/gradle/m2repository/org/ow2/asm/asm-debug-all/5.0.4/asm-debug-all-5.0.4.jar
7f336434b000-7f336435b000 r--s 000d6000 08:08 717839                     /home/suraj/android-studio/gradle/m2repository/net/sf/proguard/proguard-base/5.2.1/proguard-base-5.2.1.jar
7f336435b000-7f336435e000 r--s 00033000 08:08 717706                     /home/suraj/android-studio/gradle/m2repository/com/googlecode/juniversalchardet/juniversalchardet/1.0.3/juniversalchardet-1.0.3.jar
7f336435e000-7f3364362000 r--s 0002a000 08:08 587766                     /home/suraj/android-studio/gradle/m2repository/commons-io/commons-io/2.4/commons-io-2.4.jar
7f3364362000-7f336436c000 r--s 00099000 08:08 717699                     /home/suraj/android-studio/gradle/m2repository/com/tunnelvisionlabs/antlr4/4.5/antlr4-4.5.jar
7f336436c000-7f336436d000 r--s 00002000 08:08 717722                     /home/suraj/android-studio/gradle/m2repository/com/android/databinding/baseLibrary/2.1.3/baseLibrary-2.1.3.jar
7f336436d000-7f3364398000 r--s 001f9000 08:08 717715                     /home/suraj/android-studio/gradle/m2repository/com/google/guava/guava/17.0/guava-17.0.jar
7f3364398000-7f3364399000 r--s 00001000 08:08 717733                     /home/suraj/android-studio/gradle/m2repository/com/android/tools/annotations/25.1.3/annotations-25.1.3.jar
7f3364399000-7f33643ab000 r--s 00223000 08:08 587818                     /home/suraj/android-studio/gradle/m2repository/org/eclipse/jdt/core/compiler/ecj/4.4.2/ecj-4.4.2.jar
7f33643ab000-7f33643b2000 r--s 000be000 08:08 717809                     /home/suraj/android-studio/gradle/m2repository/com/android/tools/lint/lint-checks/25.1.3/lint-checks-25.1.3.jar
7f33643b2000-7f33643b4000 r--s 00006000 08:08 587799                     /home/suraj/android-studio/gradle/m2repository/org/ow2/asm/asm-tree/5.0.3/asm-tree-5.0.3.jar
7f33643b4000-7f33643e7000 r--s 00203000 08:08 717646                     /home/suraj/android-studio/gradle/m2repository/org/bouncycastle/bcprov-jdk15on/1.48/bcprov-jdk15on-1.48.jar
7f33643e7000-7f33643f5000 r--s 00081000 08:08 717649                     /home/suraj/android-studio/gradle/m2repository/org/bouncycastle/bcpkix-jdk15on/1.48/bcpkix-jdk15on-1.48.jar
7f33643f5000-7f33643f7000 r--s 00002000 08:08 717711                     /home/suraj/android-studio/gradle/m2repository/com/squareup/javawriter/2.5.0/javawriter-2.5.0.jar
7f33643f7000-7f33643f8000 r--s 00001000 08:08 717778                     /home/suraj/android-studio/gradle/m2repository/com/android/tools/jill/jill-api/0.10.0/jill-api-0.10.0.jar
7f33643f8000-7f33643fa000 r--s 00003000 08:08 717825                     /home/suraj/android-studio/gradle/m2repository/com/android/tools/jack/jack-api/0.10.0/jack-api-0.10.0.jar
7f33643fa000-7f3364400000 r--s 0004a000 08:08 717789                     /home/suraj/android-studio/gradle/m2repository/com/android/tools/ddms/ddmlib/25.1.3/ddmlib-25.1.3.jar
7f3364400000-7f3364403000 r--s 00028000 08:08 717754                     /home/suraj/android-studio/gradle/m2repository/com/android/tools/build/manifest-merger/25.1.3/manifest-merger-25.1.3.jar
7f3364403000-7f3364405000 r--s 00018000 08:08 717830                     /home/suraj/android-studio/gradle/m2repository/com/android/tools/common/25.1.3/common-25.1.3.jar
7f3364405000-7f336440d000 r--s 0007c000 08:08 717784                     /home/suraj/android-studio/gradle/m2repository/com/android/tools/sdk-common/25.1.3/sdk-common-25.1.3.jar
7f336440d000-7f3364415000 r--s 00078000 08:08 717821                     /home/suraj/android-studio/gradle/m2repository/com/android/tools/sdklib/25.1.3/sdklib-25.1.3.jar
7f3364415000-7f3364416000 r--s 00002000 08:08 717745                     /home/suraj/android-studio/gradle/m2repository/com/android/tools/build/builder-test-api/2.1.3/builder-test-api-2.1.3.jar
7f3364416000-7f3364418000 r--s 00005000 08:08 717766                     /home/suraj/android-studio/gradle/m2repository/com/android/tools/build/builder-model/2.1.3/builder-model-2.1.3.jar
7f3364418000-7f336441c000 r--s 0001e000 08:08 717656                     /home/suraj/android-studio/gradle/m2repository/org/jacoco/org.jacoco.core/0.7.6.201602180812/org.jacoco.core-0.7.6.201602180812.jar
7f336441c000-7f336441d000 r--s 00002000 08:08 717849                     /home/suraj/android-studio/gradle/m2repository/net/sf/proguard/proguard-gradle/5.2.1/proguard-gradle-5.2.1.jar
7f336441d000-7f336441f000 r--s 00009000 08:08 587803                     /home/suraj/android-studio/gradle/m2repository/org/ow2/asm/asm-commons/5.0.3/asm-commons-5.0.3.jar
7f336441f000-7f3364420000 r--s 0000c000 08:08 587809                     /home/suraj/android-studio/gradle/m2repository/org/ow2/asm/asm/5.0.3/asm-5.0.3.jar
7f3364420000-7f3364424000 r--s 0002b000 08:08 717729                     /home/suraj/android-studio/gradle/m2repository/com/android/databinding/compilerCommon/2.1.3/compilerCommon-2.1.3.jar
7f3364424000-7f3364425000 r--s 00002000 08:08 717749                     /home/suraj/android-studio/gradle/m2repository/com/android/tools/build/gradle-api/2.1.3/gradle-api-2.1.3.jar
7f3364425000-7f3364426000 r--s 00000000 08:08 717761                     /home/suraj/android-studio/gradle/m2repository/com/android/tools/build/transform-api/2.0.0-deprecated-use-gradle-api/transform-api-2.0.0-deprecated-use-gradle-api.jar
7f3364426000-7f3364428000 r--s 00023000 08:08 717813                     /home/suraj/android-studio/gradle/m2repository/com/android/tools/lint/lint/25.1.3/lint-25.1.3.jar
7f3364428000-7f336443c000 r--s 00130000 08:08 717742                     /home/suraj/android-studio/gradle/m2repository/com/android/tools/build/builder/2.1.3/builder-2.1.3.jar
7f336443c000-7f3364446000 r--s 000ae000 08:08 1079465                    /home/suraj/.gradle/caches/modules-2/files-2.1/org.javassist/javassist/3.20.0-GA/a9cbcdfb7e9f86fbc74d3afae65f2248bfbf82a0/javassist-3.20.0-GA.jar
7f3364446000-7f3364447000 r--s 00000000 08:08 1079464                    /home/suraj/.gradle/caches/modules-2/files-2.1/io.realm/realm-annotations/2.2.1/3095c5145d7966e555c113c6a3fc33a107badc80/realm-annotations-2.2.1.jar
7f3364447000-7f3364448000 r--s 00004000 08:08 1079463                    /home/suraj/.gradle/caches/modules-2/files-2.1/com.neenbedankt.gradle.plugins/android-apt/1.8/d3c508f0ea2b2bb93c2816a83351090dd662eaac/android-apt-1.8.jar
7f3364448000-7f336444a000 r--s 00011000 08:08 1079462                    /home/suraj/.gradle/caches/modules-2/files-2.1/io.realm/realm-transformer/2.2.1/d18031ba60e7539d7896a7a867032a84c0c59ac0/realm-transformer-2.2.1.jar
7f336444a000-7f3364467000 r--s 0017c000 08:08 717758                     /home/suraj/android-studio/gradle/m2repository/com/android/tools/build/gradle-core/2.1.3/gradle-core-2.1.3.jar
7f3364467000-7f3364468000 r--s 00001000 08:08 1079461                    /home/suraj/.gradle/caches/modules-2/files-2.1/io.realm/realm-gradle-plugin/2.2.1/1827456da62d67f636fa29ab36aff7205f30c405/realm-gradle-plugin-2.2.1.jar
7f3364468000-7f336446a000 r--s 0000c000 08:08 717771                     /home/suraj/android-studio/gradle/m2repository/com/android/tools/build/gradle/2.1.3/gradle-2.1.3.jar
7f336446a000-7f336466a000 rw-p 00000000 00:00 0 
7f336466a000-7f336486a000 rw-p 00000000 00:00 0 
7f336486a000-7f3364a6a000 rw-p 00000000 00:00 0 
7f3364a6a000-7f3364c6a000 rw-p 00000000 00:00 0 
7f3364c6a000-7f3364cd6000 r--s 00696000 08:08 587068                     /home/suraj/android-studio/lib/groovy-all-2.3.9.jar
7f3364cd6000-7f3364cd9000 ---p 00000000 00:00 0 
7f3364cd9000-7f3364d0f000 rw-p 00000000 00:00 0 
7f3364d0f000-7f3364d10000 r--p 00000000 00:00 0 
7f3364d10000-7f3364f10000 rw-p 00000000 00:00 0 
7f3364f10000-7f3364f12000 r--s 00025000 08:08 587377                     /home/suraj/android-studio/plugins/gradle/lib/gradle-tooling-extension-impl.jar
7f3364f12000-7f3364f14000 r--s 0000c000 08:08 587361                     /home/suraj/android-studio/plugins/gradle/lib/gradle-tooling-extension-api.jar
7f3364f14000-7f3364fdc000 r--s 01013000 08:08 587085                     /home/suraj/android-studio/lib/openapi.jar
7f3364fdc000-7f3364fe1000 r--s 0002f000 08:08 587074                     /home/suraj/android-studio/lib/gson-2.3.1.jar
7f3364fe1000-7f33651e1000 rw-p 00000000 00:00 0 
7f33651e1000-7f33651e2000 r--s 00000000 08:08 1059415                    /home/suraj/.gradle/caches/jars-1/dg22azhabc6tsc1i8xni15giz1bnssh/gradle-appengine-builder-model-0.1.0.jar
7f33651e2000-7f33651e4000 r--s 00005000 08:08 1062057                    /home/suraj/.gradle/caches/jars-1/58e0pg21hq3pnflhjzsj1fu9zg4vjmm/builder-model-2.1.0-alpha6.jar
7f33651e4000-7f33652ac000 r--s 01013000 08:08 1062056                    /home/suraj/.gradle/caches/jars-1/p2mi3o4yti8nzdiddoitytwwgsy234a/openapi.jar
7f33652ac000-7f33652ae000 r--s 0000c000 08:08 1062055                    /home/suraj/.gradle/caches/jars-1/p24v5ntoozbkoizpypa6miady96ob02/gradle-tooling-extension-api.jar
7f33652ae000-7f33652b5000 r--s 00031000 08:08 1062054                    /home/suraj/.gradle/caches/jars-1/mjzb6pkr202klpc4mvbvp2j9mhcyoj2/gradle-base-services-2.5.jar
7f33652b5000-7f33652dd000 r--s 001cf000 08:08 1059405                    /home/suraj/.gradle/caches/jars-1/87eo0lrvp84r6dbxjq018wy66es2era/guava-jdk5-17.0.jar
7f33652dd000-7f33652e8000 r--s 00036000 08:08 1062053                    /home/suraj/.gradle/caches/jars-1/ppuug715rid7lfxxo8hcoh44crsa3x4/gradle-tooling-api-2.5.jar
7f33652e8000-7f33652eb000 ---p 00000000 00:00 0 
7f33652eb000-7f33655e9000 rw-p 00000000 00:00 0                          [stack:10050]
7f33655e9000-7f33657e9000 rw-p 00000000 00:00 0 
7f33657e9000-7f3365861000 r--s 010e6000 08:07 616879                     /usr/lib/jvm/java-8-oracle/lib/tools.jar
7f3365861000-7f3365a61000 rw-p 00000000 00:00 0 
7f3365a61000-7f3365a64000 ---p 00000000 00:00 0 
7f3365a64000-7f3365b62000 rw-p 00000000 00:00 0                          [stack:10121]
7f3365b62000-7f3365b65000 ---p 00000000 00:00 0 
7f3365b65000-7f3365c63000 rw-p 00000000 00:00 0                          [stack:10120]
7f3365c63000-7f3365c66000 ---p 00000000 00:00 0 
7f3365c66000-7f3365d64000 rw-p 00000000 00:00 0                          [stack:10045]
7f3365d64000-7f3365d67000 ---p 00000000 00:00 0 
7f3365d67000-7f3365e65000 rw-p 00000000 00:00 0                          [stack:10118]
7f3365e65000-7f3365e68000 ---p 00000000 00:00 0 
7f3365e68000-7f3365f66000 rw-p 00000000 00:00 0                          [stack:10117]
7f3365f66000-7f3365f69000 ---p 00000000 00:00 0 
7f3365f69000-7f3366067000 rw-p 00000000 00:00 0                          [stack:10042]
7f3366067000-7f336606e000 r--s 00000000 08:07 532835                     /usr/lib/x86_64-linux-gnu/gconv/gconv-modules.cache
7f336606e000-7f336626e000 rw-p 00000000 00:00 0 
7f336626e000-7f3366271000 ---p 00000000 00:00 0 
7f3366271000-7f336636f000 rw-p 00000000 00:00 0                          [stack:10040]
7f336636f000-7f3366372000 ---p 00000000 00:00 0 
7f3366372000-7f3366470000 rw-p 00000000 00:00 0                          [stack:10039]
7f3366470000-7f3366479000 r-xp 00000000 08:07 911490                     /usr/lib/jvm/java-8-oracle/jre/lib/amd64/libmanagement.so
7f3366479000-7f3366678000 ---p 00009000 08:07 911490                     /usr/lib/jvm/java-8-oracle/jre/lib/amd64/libmanagement.so
7f3366678000-7f3366679000 rw-p 00008000 08:07 911490                     /usr/lib/jvm/java-8-oracle/jre/lib/amd64/libmanagement.so
7f3366679000-7f336667d000 r--s 00097000 08:07 911289                     /usr/lib/jvm/java-8-oracle/jre/lib/jsse.jar
7f336667d000-7f336667f000 r--s 00007000 08:08 587637                     /home/suraj/android-studio/gradle/gradle-2.14.1/lib/plugins/gradle-tooling-api-builders-2.14.1.jar
7f336667f000-7f3366682000 r--s 00008000 08:08 587631                     /home/suraj/android-studio/gradle/gradle-2.14.1/lib/plugins/gradle-testing-native-2.14.1.jar
7f3366682000-7f3366684000 r--s 00009000 08:08 587712                     /home/suraj/android-studio/gradle/gradle-2.14.1/lib/plugins/hamcrest-core-1.3.jar
7f3366684000-7f336668a000 r--s 00033000 08:08 587642                     /home/suraj/android-studio/gradle/gradle-2.14.1/lib/plugins/snakeyaml-1.6.jar
7f336668a000-7f336668c000 r--s 00006000 08:08 587663                     /home/suraj/android-studio/gradle/gradle-2.14.1/lib/plugins/jcommander-1.12.jar
7f336668c000-7f3366691000 r--s 00040000 08:08 587640                     /home/suraj/android-studio/gradle/gradle-2.14.1/lib/plugins/bsh-2.0b4.jar
7f3366691000-7f336669a000 r--s 00089000 08:08 587666                     /home/suraj/android-studio/gradle/gradle-2.14.1/lib/plugins/testng-6.3.1.jar
7f336669a000-7f33666a2000 r--s 00045000 08:08 587671                     /home/suraj/android-studio/gradle/gradle-2.14.1/lib/plugins/junit-4.12.jar
7f33666a2000-7f33666a8000 r--s 0002e000 08:08 587647                     /home/suraj/android-studio/gradle/gradle-2.14.1/lib/plugins/gradle-testing-jvm-2.14.1.jar
7f33666a8000-7f33666ad000 r--s 00015000 08:08 587656                     /home/suraj/android-studio/gradle/gradle-2.14.1/lib/plugins/gradle-testing-base-2.14.1.jar
7f33666ad000-7f33666ae000 r--s 00002000 08:08 587669                     /home/suraj/android-studio/gradle/gradle-2.14.1/lib/plugins/sonar-batch-bootstrapper-2.9.jar
7f33666ae000-7f33666b1000 r--s 00015000 08:08 587646                     /home/suraj/android-studio/gradle/gradle-2.14.1/lib/plugins/gradle-sonar-2.14.1.jar
7f33666b1000-7f33666b8000 r--s 00038000 08:08 587687                     /home/suraj/android-studio/gradle/gradle-2.14.1/lib/plugins/bcpg-jdk15on-1.51.jar
7f33666b8000-7f33666ba000 r--s 0000d000 08:08 587693                     /home/suraj/android-studio/gradle/gradle-2.14.1/lib/plugins/gradle-signing-2.14.1.jar
7f33666ba000-7f33666bd000 r--s 00009000 08:08 587676                     /home/suraj/android-studio/gradle/gradle-2.14.1/lib/plugins/gradle-scala-2.14.1.jar
7f33666bd000-7f33666be000 r--s 00004000 08:08 587700                     /home/suraj/android-studio/gradle/gradle-2.14.1/lib/plugins/gradle-resources-sftp-2.14.1.jar
7f33666be000-7f33666ce000 r--s 00088000 08:08 587653                     /home/suraj/android-studio/gradle/gradle-2.14.1/lib/plugins/joda-time-2.8.2.jar
7f33666ce000-7f33666df000 r--s 000cf000 08:08 587719                     /home/suraj/android-studio/gradle/gradle-2.14.1/lib/plugins/jackson-databind-2.3.2.jar
7f33666df000-7f33666e1000 r--s 00007000 08:08 587682                     /home/suraj/android-studio/gradle/gradle-2.14.1/lib/plugins/jackson-annotations-2.3.2.jar
7f33666e1000-7f33666e4000 r--s 0002e000 08:08 587689                     /home/suraj/android-studio/gradle/gradle-2.14.1/lib/plugins/jackson-core-2.3.2.jar
7f33666e4000-7f33666ef000 r--s 0006b000 08:08 587735                     /home/suraj/android-studio/gradle/gradle-2.14.1/lib/plugins/aws-java-sdk-core-1.9.19.jar
7f33666ef000-7f33666f5000 r--s 00036000 08:08 587681                     /home/suraj/android-studio/gradle/gradle-2.14.1/lib/plugins/aws-java-sdk-kms-1.9.19.jar
7f33666f5000-7f3366700000 r--s 00079000 08:08 587668                     /home/suraj/android-studio/gradle/gradle-2.14.1/lib/plugins/aws-java-sdk-s3-1.9.19.jar
7f3366700000-7f3366701000 r--s 00003000 08:08 587715                     /home/suraj/android-studio/gradle/gradle-2.14.1/lib/plugins/gradle-resources-s3-2.14.1.jar
7f3366701000-7f3366703000 r--s 00005000 08:08 587710                     /home/suraj/android-studio/gradle/gradle-2.14.1/lib/plugins/jatl-0.2.2.jar
7f3366703000-7f3366705000 r--s 0000f000 08:08 587727                     /home/suraj/android-studio/gradle/gradle-2.14.1/lib/plugins/gradle-reporting-2.14.1.jar
7f3366705000-7f3366707000 r--s 00002000 08:08 587686                     /home/suraj/android-studio/gradle/gradle-2.14.1/lib/plugins/gradle-publish-2.14.1.jar
7f3366707000-7f3366709000 r--s 00009000 08:08 587659                     /home/suraj/android-studio/gradle/gradle-2.14.1/lib/plugins/commons-cli-1.2.jar
7f3366709000-7f336670f000 r--s 00033000 08:08 587670                     /home/suraj/android-studio/gradle/gradle-2.14.1/lib/plugins/gradle-plugins-2.14.1.jar
7f336670f000-7f3366711000 r--s 00007000 08:08 587634                     /home/suraj/android-studio/gradle/gradle-2.14.1/lib/plugins/gradle-plugin-development-2.14.1.jar
7f3366711000-7f3366717000 r--s 0002a000 08:08 587692                     /home/suraj/android-studio/gradle/gradle-2.14.1/lib/plugins/gradle-platform-play-2.14.1.jar
7f3366717000-7f3366724000 r--s 0004d000 08:08 587691                     /home/suraj/android-studio/gradle/gradle-2.14.1/lib/plugins/gradle-platform-native-2.14.1.jar
7f3366724000-7f3366728000 r--s 0001a000 08:08 587713                     /home/suraj/android-studio/gradle/gradle-2.14.1/lib/plugins/gradle-platform-jvm-2.14.1.jar
7f3366728000-7f336672f000 r--s 00029000 08:08 587662                     /home/suraj/android-studio/gradle/gradle-2.14.1/lib/plugins/gradle-platform-base-2.14.1.jar
7f336672f000-7f3366750000 r--s 001c3000 08:08 587638                     /home/suraj/android-studio/gradle/gradle-2.14.1/lib/plugins/bndlib-2.4.0.jar
7f3366750000-7f3366752000 r--s 00003000 08:08 587718                     /home/suraj/android-studio/gradle/gradle-2.14.1/lib/plugins/gradle-osgi-2.14.1.jar
7f3366752000-7f3366755000 r--s 0000c000 08:08 587722                     /home/suraj/android-studio/gradle/gradle-2.14.1/lib/plugins/pmaven-groovy-0.8-20100325.jar
7f3366755000-7f3366756000 r--s 00004000 08:08 587708                     /home/suraj/android-studio/gradle/gradle-2.14.1/lib/plugins/pmaven-common-0.8-20100325.jar
7f3366756000-7f336675c000 r--s 00022000 08:08 587661                     /home/suraj/android-studio/gradle/gradle-2.14.1/lib/plugins/gradle-maven-2.14.1.jar
7f336675c000-7f336675e000 r--s 0000a000 08:08 587643                     /home/suraj/android-studio/gradle/gradle-2.14.1/lib/plugins/gradle-language-scala-2.14.1.jar
7f336675e000-7f3366764000 r--s 0001a000 08:08 587648                     /home/suraj/android-studio/gradle/gradle-2.14.1/lib/plugins/gradle-language-native-2.14.1.jar
7f3366764000-7f3366766000 r--s 00008000 08:08 587636                     /home/suraj/android-studio/gradle/gradle-2.14.1/lib/plugins/gradle-language-jvm-2.14.1.jar
7f3366766000-7f336676c000 r--s 00024000 08:08 587709                     /home/suraj/android-studio/gradle/gradle-2.14.1/lib/plugins/gradle-language-java-2.14.1.jar
7f336676c000-7f336676e000 r--s 0000a000 08:08 587690                     /home/suraj/android-studio/gradle/gradle-2.14.1/lib/plugins/gradle-language-groovy-2.14.1.jar
7f336676e000-7f3366771000 r--s 0001e000 08:08 587630                     /home/suraj/android-studio/gradle/gradle-2.14.1/lib/plugins/jsp-api-2.1-6.1.14.jar
7f3366771000-7f3366794000 r--s 00344000 08:08 587683                     /home/suraj/android-studio/gradle/gradle-2.14.1/lib/plugins/core-3.1.1.jar
7f3366794000-7f3366795000 r--s 00006000 08:08 587720                     /home/suraj/android-studio/gradle/gradle-2.14.1/lib/plugins/jetty-naming-6.1.25.jar
7f3366795000-7f3366796000 r--s 00002000 08:08 587678                     /home/suraj/android-studio/gradle/gradle-2.14.1/lib/plugins/geronimo-annotation_1.0_spec-1.0.jar
7f3366796000-7f3366798000 r--s 00002000 08:08 587716                     /home/suraj/android-studio/gradle/gradle-2.14.1/lib/plugins/jetty-annotations-6.1.25.jar
7f3366798000-7f33667a9000 r--s 000ea000 08:08 587729                     /home/suraj/android-studio/gradle/gradle-2.14.1/lib/plugins/jsp-2.1-6.1.14.jar
7f33667a9000-7f33667ab000 r--s 0000d000 08:08 587684                     /home/suraj/android-studio/gradle/gradle-2.14.1/lib/plugins/jetty-plus-6.1.25.jar
7f33667ab000-7f33667ad000 r--s 0001f000 08:08 587742                     /home/suraj/android-studio/gradle/gradle-2.14.1/lib/plugins/servlet-api-2.5-20081211.jar
7f33667ad000-7f33667b1000 r--s 00028000 08:08 587664                     /home/suraj/android-studio/gradle/gradle-2.14.1/lib/plugins/jetty-util-6.1.25.jar
7f33667b1000-7f33667b8000 r--s 0007d000 08:08 587672                     /home/suraj/android-studio/gradle/gradle-2.14.1/lib/plugins/jetty-6.1.25.jar
7f33667b8000-7f33667ba000 r--s 00009000 08:08 587725                     /home/suraj/android-studio/gradle/gradle-2.14.1/lib/plugins/gradle-jetty-2.14.1.jar
7f33667ba000-7f33667c1000 r--s 00035000 08:08 587738                     /home/suraj/android-studio/gradle/gradle-2.14.1/lib/plugins/simple-4.1.21.jar
7f33667c1000-7f33667cd000 r--s 00100000 08:08 587654                     /home/suraj/android-studio/gradle/gradle-2.14.1/lib/plugins/rhino-1.7R3.jar
7f33667cd000-7f33667d1000 r--s 00011000 08:08 587707                     /home/suraj/android-studio/gradle/gradle-2.14.1/lib/plugins/gradle-javascript-2.14.1.jar
7f33667d1000-7f33667d3000 r--s 0000c000 08:08 587740                     /home/suraj/android-studio/gradle/gradle-2.14.1/lib/plugins/gradle-jacoco-2.14.1.jar
7f33667d3000-7f33667d6000 r--s 0000e000 08:08 587737                     /home/suraj/android-studio/gradle/gradle-2.14.1/lib/plugins/gradle-ivy-2.14.1.jar
7f33667d6000-7f33667d7000 r--s 00002000 08:08 587730                     /home/suraj/android-studio/gradle/gradle-2.14.1/lib/plugins/gradle-ide-play-2.14.1.jar
7f33667d7000-7f33667dc000 r--s 0002b000 08:08 587726                     /home/suraj/android-studio/gradle/gradle-2.14.1/lib/plugins/gradle-ide-native-2.14.1.jar
7f33667dc000-7f33667e7000 r--s 00066000 08:08 587644                     /home/suraj/android-studio/gradle/gradle-2.14.1/lib/plugins/gradle-ide-2.14.1.jar
7f33667e7000-7f33667e8000 r--s 00008000 08:08 587641                     /home/suraj/android-studio/gradle/gradle-2.14.1/lib/plugins/gradle-ear-2.14.1.jar
7f33667e8000-7f33667ee000 r--s 00032000 08:08 587652                     /home/suraj/android-studio/gradle/gradle-2.14.1/lib/plugins/gradle-diagnostics-2.14.1.jar
7f33667ee000-7f33667f2000 r--s 00021000 08:08 587728                     /home/suraj/android-studio/gradle/gradle-2.14.1/lib/plugins/gradle-code-quality-2.14.1.jar
7f33667f2000-7f33667f6000 r--s 0001f000 08:08 587651                     /home/suraj/android-studio/gradle/gradle-2.14.1/lib/plugins/gradle-build-init-2.14.1.jar
7f33667f6000-7f33667fd000 r--s 0008e000 08:08 587734                     /home/suraj/android-studio/gradle/gradle-2.14.1/lib/plugins/gradle-build-comparison-2.14.1.jar
7f33667fd000-7f33667ff000 r--s 00008000 08:08 587711                     /home/suraj/android-studio/gradle/gradle-2.14.1/lib/plugins/gradle-antlr-2.14.1.jar
7f33667ff000-7f3366801000 r--s 00004000 08:08 587736                     /home/suraj/android-studio/gradle/gradle-2.14.1/lib/plugins/gradle-announce-2.14.1.jar
7f3366801000-7f3366819000 r--s 00115000 08:08 587675                     /home/suraj/android-studio/gradle/gradle-2.14.1/lib/plugins/xercesImpl-2.9.1.jar
7f3366819000-7f3366821000 r--s 00028000 08:08 587703                     /home/suraj/android-studio/gradle/gradle-2.14.1/lib/plugins/xml-apis-1.3.04.jar
7f3366821000-7f3366827000 r--s 0005b000 08:08 587694                     /home/suraj/android-studio/gradle/gradle-2.14.1/lib/plugins/jcifs-1.3.17.jar
7f3366827000-7f336682e000 r--s 00049000 08:08 587705                     /home/suraj/android-studio/gradle/gradle-2.14.1/lib/plugins/httpcore-4.4.4.jar
7f336682e000-7f3366834000 r--s 00033000 08:08 587650                     /home/suraj/android-studio/gradle/gradle-2.14.1/lib/plugins/commons-codec-1.6.jar
7f3366834000-7f3366837000 r--s 0001c000 08:08 587645                     /home/suraj/android-studio/gradle/gradle-2.14.1/lib/plugins/nekohtml-1.9.14.jar
7f3366837000-7f3366844000 r--s 000a4000 08:08 587723                     /home/suraj/android-studio/gradle/gradle-2.14.1/lib/plugins/httpclient-4.4.1.jar
7f3366844000-7f3366846000 r--s 0000a000 08:08 587632                     /home/suraj/android-studio/gradle/gradle-2.14.1/lib/plugins/gradle-resources-http-2.14.1.jar
7f3366846000-7f336684a000 r--s 00014000 08:08 587697                     /home/suraj/android-studio/gradle/gradle-2.14.1/lib/plugins/gradle-plugin-use-2.14.1.jar
7f336684a000-7f336684b000 r--s 00000000 08:08 587589                     /home/suraj/android-studio/gradle/gradle-2.14.1/lib/gradle-installation-beacon-2.14.1.jar
7f336684b000-7f336684c000 r--s 00007000 08:08 587660                     /home/suraj/android-studio/gradle/gradle-2.14.1/lib/plugins/wagon-http-shared4-2.4.jar
7f336684c000-7f3366850000 r--s 00033000 08:08 587714                     /home/suraj/android-studio/gradle/gradle-2.14.1/lib/plugins/plexus-utils-2.0.6.jar
7f3366850000-7f3366854000 r--s 00021000 08:08 587696                     /home/suraj/android-studio/gradle/gradle-2.14.1/lib/plugins/maven-model-builder-3.0.4.jar
7f3366854000-7f3366855000 r--s 00002000 08:08 587649                     /home/suraj/android-studio/gradle/gradle-2.14.1/lib/plugins/wagon-file-2.4.jar
7f3366855000-7f3366857000 r--s 00002000 08:08 587706                     /home/suraj/android-studio/gradle/gradle-2.14.1/lib/plugins/plexus-cipher-1.7.jar
7f3366857000-7f336685a000 r--s 00013000 08:08 587741                     /home/suraj/android-studio/gradle/gradle-2.14.1/lib/plugins/aether-api-1.13.1.jar
7f336685a000-7f336685c000 r--s 0000a000 08:08 587665                     /home/suraj/android-studio/gradle/gradle-2.14.1/lib/plugins/maven-settings-3.0.4.jar
7f336685c000-7f336685e000 r--s 0000d000 08:08 587698                     /home/suraj/android-studio/gradle/gradle-2.14.1/lib/plugins/plexus-interpolation-1.14.jar
7f336685e000-7f3366860000 r--s 0000b000 08:08 587721                     /home/suraj/android-studio/gradle/gradle-2.14.1/lib/plugins/maven-artifact-3.0.4.jar
7f3366860000-7f3366867000 r--s 0002e000 08:08 587657                     /home/suraj/android-studio/gradle/gradle-2.14.1/lib/plugins/plexus-container-default-1.5.5.jar
7f3366867000-7f3366869000 r--s 0000b000 08:08 587685                     /home/suraj/android-studio/gradle/gradle-2.14.1/lib/plugins/maven-plugin-api-3.0.4.jar
7f3366869000-7f336686b000 r--s 00000000 08:08 587688                     /home/suraj/android-studio/gradle/gradle-2.14.1/lib/plugins/plexus-component-annotations-1.5.5.jar
7f336686b000-7f3366871000 r--s 0003f000 08:08 587699                     /home/suraj/android-studio/gradle/gradle-2.14.1/lib/plugins/maven-compat-3.0.4.jar
7f3366871000-7f3366874000 r--s 00008000 08:08 587673                     /home/suraj/android-studio/gradle/gradle-2.14.1/lib/plugins/maven-settings-builder-3.0.4.jar
7f3366874000-7f3366875000 r--s 00002000 08:08 587629                     /home/suraj/android-studio/gradle/gradle-2.14.1/lib/plugins/wagon-http-2.4.jar
7f3366875000-7f3366877000 r--s 00026000 08:08 587739                     /home/suraj/android-studio/gradle/gradle-2.14.1/lib/plugins/maven-model-3.0.4.jar
7f3366877000-7f3366879000 r--s 00006000 08:08 587717                     /home/suraj/android-studio/gradle/gradle-2.14.1/lib/plugins/aether-connector-wagon-1.13.1.jar
7f3366879000-7f336687b000 r--s 0000a000 08:08 587658                     /home/suraj/android-studio/gradle/gradle-2.14.1/lib/plugins/plexus-classworlds-2.4.jar
7f336687b000-7f336687d000 r--s 00006000 08:08 587701                     /home/suraj/android-studio/gradle/gradle-2.14.1/lib/plugins/maven-repository-metadata-3.0.4.jar
7f336687d000-7f336687f000 r--s 0000c000 08:08 587677                     /home/suraj/android-studio/gradle/gradle-2.14.1/lib/plugins/maven-aether-provider-3.0.4.jar
7f336687f000-7f3366881000 r--s 0000b000 08:08 587667                     /home/suraj/android-studio/gradle/gradle-2.14.1/lib/plugins/wagon-provider-api-2.4.jar
7f3366881000-7f3366885000 r--s 0001c000 08:08 587731                     /home/suraj/android-studio/gradle/gradle-2.14.1/lib/plugins/aether-util-1.13.1.jar
7f3366885000-7f3366888000 r--s 0001d000 08:08 587695                     /home/suraj/android-studio/gradle/gradle-2.14.1/lib/plugins/aether-impl-1.13.1.jar
7f3366888000-7f336688d000 r--s 00040000 08:08 587635                     /home/suraj/android-studio/gradle/gradle-2.14.1/lib/plugins/jsch-0.1.53.jar
7f336688d000-7f33668cd000 r--s 00277000 08:08 587639                     /home/suraj/android-studio/gradle/gradle-2.14.1/lib/plugins/bcprov-jdk15on-1.51.jar
7f33668cd000-7f33668d1000 r--s 0001d000 08:08 587680                     /home/suraj/android-studio/gradle/gradle-2.14.1/lib/plugins/xbean-reflect-3.4.jar
7f33668d1000-7f33668dd000 r--s 0007d000 08:08 587704                     /home/suraj/android-studio/gradle/gradle-2.14.1/lib/plugins/maven-core-3.0.4.jar
7f33668dd000-7f33668ec000 r--s 000d9000 08:08 587655                     /home/suraj/android-studio/gradle/gradle-2.14.1/lib/plugins/ivy-2.2.0.jar
7f33668ec000-7f3366902000 r-xp 00000000 08:07 66                         /lib/x86_64-linux-gnu/libgcc_s.so.1
7f3366902000-7f3366b01000 ---p 00016000 08:07 66                         /lib/x86_64-linux-gnu/libgcc_s.so.1
7f3366b01000-7f3366b02000 rw-p 00015000 08:07 66                         /lib/x86_64-linux-gnu/libgcc_s.so.1
7f3366b02000-7f3366be8000 r-xp 00000000 08:07 392980                     /usr/lib/x86_64-linux-gnu/libstdc++.so.6.0.19
7f3366be8000-7f3366de7000 ---p 000e6000 08:07 392980                     /usr/lib/x86_64-linux-gnu/libstdc++.so.6.0.19
7f3366de7000-7f3366def000 r--p 000e5000 08:07 392980                     /usr/lib/x86_64-linux-gnu/libstdc++.so.6.0.19
7f3366def000-7f3366df1000 rw-p 000ed000 08:07 392980                     /usr/lib/x86_64-linux-gnu/libstdc++.so.6.0.19
7f3366df1000-7f3366e06000 rw-p 00000000 00:00 0 
7f3366e06000-7f3366e07000 r--s 00003000 08:08 587633                     /home/suraj/android-studio/gradle/gradle-2.14.1/lib/plugins/aether-spi-1.13.1.jar
7f3366e07000-7f3366e08000 r--s 00006000 08:08 587702                     /home/suraj/android-studio/gradle/gradle-2.14.1/lib/plugins/plexus-sec-dispatcher-1.3.jar
7f3366e08000-7f3366e0d000 r--s 0002a000 08:08 587674                     /home/suraj/android-studio/gradle/gradle-2.14.1/lib/plugins/gson-2.2.4.jar
7f3366e0d000-7f3366e29000 r--s 000d3000 08:08 587679                     /home/suraj/android-studio/gradle/gradle-2.14.1/lib/plugins/gradle-dependency-management-2.14.1.jar
7f3366e29000-7f3366e2d000 r-xp 00000000 08:08 1064375                    /home/suraj/.gradle/native/19/linux-amd64/libnative-platform.so
7f3366e2d000-7f336702c000 ---p 00004000 08:08 1064375                    /home/suraj/.gradle/native/19/linux-amd64/libnative-platform.so
7f336702c000-7f336702d000 rw-p 00003000 08:08 1064375                    /home/suraj/.gradle/native/19/linux-amd64/libnative-platform.so
7f336702d000-7f336703e000 r-xp 00000000 08:07 911462                     /usr/lib/jvm/java-8-oracle/jre/lib/amd64/libnio.so
7f336703e000-7f336723d000 ---p 00011000 08:07 911462                     /usr/lib/jvm/java-8-oracle/jre/lib/amd64/libnio.so
7f336723d000-7f336723e000 rw-p 00010000 08:07 911462                     /usr/lib/jvm/java-8-oracle/jre/lib/amd64/libnio.so
7f336723e000-7f3367254000 r-xp 00000000 08:07 911482                     /usr/lib/jvm/java-8-oracle/jre/lib/amd64/libnet.so
7f3367254000-7f3367454000 ---p 00016000 08:07 911482                     /usr/lib/jvm/java-8-oracle/jre/lib/amd64/libnet.so
7f3367454000-7f3367455000 rw-p 00016000 08:07 911482                     /usr/lib/jvm/java-8-oracle/jre/lib/amd64/libnet.so
7f3367455000-7f3367457000 r--s 00005000 08:08 587599                     /home/suraj/android-studio/gradle/gradle-2.14.1/lib/gradle-wrapper-2.14.1.jar
7f3367457000-7f3367465000 r--s 0004f000 08:08 587584                     /home/suraj/android-studio/gradle/gradle-2.14.1/lib/gradle-tooling-api-2.14.1.jar
7f3367465000-7f3367467000 r--s 00002000 08:08 587588                     /home/suraj/android-studio/gradle/gradle-2.14.1/lib/gradle-open-api-2.14.1.jar
7f3367467000-7f336746d000 r--s 00032000 08:08 587622                     /home/suraj/android-studio/gradle/gradle-2.14.1/lib/jaxen-1.1.jar
7f336746d000-7f3367472000 r--s 00048000 08:08 587587                     /home/suraj/android-studio/gradle/gradle-2.14.1/lib/dom4j-1.6.1.jar
7f3367472000-7f336747d000 r--s 00059000 08:08 587616                     /home/suraj/android-studio/gradle/gradle-2.14.1/lib/gradle-ui-2.14.1.jar
7f336747d000-7f3367480000 r--s 0000b000 08:08 587743                     /home/suraj/android-studio/gradle/gradle-2.14.1/lib/gradle-resources-2.14.1.jar
7f3367480000-7f3367482000 r--s 00003000 08:08 587625                     /home/suraj/android-studio/gradle/gradle-2.14.1/lib/jcl-over-slf4j-1.7.10.jar
7f3367482000-7f3367483000 r--s 00005000 08:08 587619                     /home/suraj/android-studio/gradle/gradle-2.14.1/lib/log4j-over-slf4j-1.7.10.jar
7f3367483000-7f3367485000 r--s 00000000 08:08 587744                     /home/suraj/android-studio/gradle/gradle-2.14.1/lib/jul-to-slf4j-1.7.10.jar
7f3367485000-7f336748a000 r--s 0001c000 08:08 587597                     /home/suraj/android-studio/gradle/gradle-2.14.1/lib/gradle-logging-2.14.1.jar
7f336748a000-7f336748c000 r--s 00007000 08:08 587628                     /home/suraj/android-studio/gradle/gradle-2.14.1/lib/objenesis-1.2.jar
7f336748c000-7f336748e000 r--s 00000000 08:08 587592                     /home/suraj/android-studio/gradle/gradle-2.14.1/lib/minlog-1.2.jar
7f336748e000-7f3367490000 r--s 0000f000 08:08 587603                     /home/suraj/android-studio/gradle/gradle-2.14.1/lib/reflectasm-1.07-shaded.jar
7f3367490000-7f3367494000 r--s 00026000 08:08 587617                     /home/suraj/android-studio/gradle/gradle-2.14.1/lib/kryo-2.20.jar
7f3367494000-7f336749a000 r--s 00025000 08:08 587586                     /home/suraj/android-studio/gradle/gradle-2.14.1/lib/gradle-messaging-2.14.1.jar
7f336749a000-7f336749b000 r--s 00003000 08:08 587624                     /home/suraj/android-studio/gradle/gradle-2.14.1/lib/native-platform-freebsd-amd64-0.10.jar
7f336749b000-7f336749c000 r--s 00003000 08:08 587606                     /home/suraj/android-studio/gradle/gradle-2.14.1/lib/native-platform-freebsd-i386-0.10.jar
7f336749c000-7f336749d000 r--s 00005000 08:08 587594                     /home/suraj/android-studio/gradle/gradle-2.14.1/lib/native-platform-windows-i386-0.10.jar
7f336749d000-7f336749e000 r--s 00005000 08:08 587593                     /home/suraj/android-studio/gradle/gradle-2.14.1/lib/native-platform-windows-amd64-0.10.jar
7f336749e000-7f336749f000 r--s 00003000 08:08 587607                     /home/suraj/android-studio/gradle/gradle-2.14.1/lib/native-platform-linux-i386-0.10.jar
7f336749f000-7f33674a0000 r--s 00003000 08:08 587591                     /home/suraj/android-studio/gradle/gradle-2.14.1/lib/native-platform-linux-amd64-0.10.jar
7f33674a0000-7f33674a1000 r--s 00002000 08:08 587590                     /home/suraj/android-studio/gradle/gradle-2.14.1/lib/native-platform-osx-amd64-0.10.jar
7f33674a1000-7f33674a2000 r--s 00002000 08:08 587620                     /home/suraj/android-studio/gradle/gradle-2.14.1/lib/native-platform-osx-i386-0.10.jar
7f33674a2000-7f33674a4000 r--s 00008000 08:08 587621                     /home/suraj/android-studio/gradle/gradle-2.14.1/lib/jansi-1.2.1.jar
7f33674a4000-7f33674a7000 r--s 0000d000 08:08 587615                     /home/suraj/android-studio/gradle/gradle-2.14.1/lib/native-platform-0.10.jar
7f33674a7000-7f33674ab000 r--s 000e4000 08:08 587614                     /home/suraj/android-studio/gradle/gradle-2.14.1/lib/jna-3.2.7.jar
7f33674ab000-7f336751a000 r--s 0063e000 08:08 587747                     /home/suraj/android-studio/gradle/gradle-2.14.1/lib/groovy-all-2.4.4.jar
7f336751a000-7f336751b000 ---p 00000000 00:00 0 
7f336751b000-7f336761b000 rw-p 00000000 00:00 0                          [stack:10038]
7f336761b000-7f336761e000 ---p 00000000 00:00 0 
7f336761e000-7f336771c000 rw-p 00000000 00:00 0                          [stack:10037]
7f336771c000-7f336771f000 ---p 00000000 00:00 0 
7f336771f000-7f336781d000 rw-p 00000000 00:00 0                          [stack:10036]
7f336781d000-7f3367820000 ---p 00000000 00:00 0 
7f3367820000-7f336791e000 rw-p 00000000 00:00 0                          [stack:10035]
7f336791e000-7f3368000000 r--p 00000000 08:07 400878                     /usr/lib/locale/locale-archive
7f3368000000-7f336828d000 rw-p 00000000 00:00 0 
7f336828d000-7f336c000000 ---p 00000000 00:00 0 
7f336c000000-7f336c021000 rw-p 00000000 00:00 0 
7f336c021000-7f3370000000 ---p 00000000 00:00 0 
7f3370000000-7f3370021000 rw-p 00000000 00:00 0 
7f3370021000-7f3374000000 ---p 00000000 00:00 0 
7f3374000000-7f3374040000 rw-p 00000000 00:00 0 
7f3374040000-7f3378000000 ---p 00000000 00:00 0 
7f3378000000-7f3378021000 rw-p 00000000 00:00 0 
7f3378021000-7f337c000000 ---p 00000000 00:00 0 
7f337c000000-7f337c002000 r--s 00009000 08:08 587626                     /home/suraj/android-studio/gradle/gradle-2.14.1/lib/gradle-native-2.14.1.jar
7f337c002000-7f337c004000 r--s 00005000 08:08 587627                     /home/suraj/android-studio/gradle/gradle-2.14.1/lib/gradle-cli-2.14.1.jar
7f337c004000-7f337c013000 r--s 00080000 08:08 587612                     /home/suraj/android-studio/gradle/gradle-2.14.1/lib/gradle-model-core-2.14.1.jar
7f337c013000-7f337c017000 r--s 00027000 08:08 587618                     /home/suraj/android-studio/gradle/gradle-2.14.1/lib/commons-io-2.2.jar
7f337c017000-7f337c024000 r--s 00083000 08:08 587745                     /home/suraj/android-studio/gradle/gradle-2.14.1/lib/commons-collections-3.2.2.jar
7f337c024000-7f337c029000 r--s 00038000 08:08 587608                     /home/suraj/android-studio/gradle/gradle-2.14.1/lib/asm-all-5.1.jar
7f337c029000-7f337c051000 r--s 001cf000 08:08 587600                     /home/suraj/android-studio/gradle/gradle-2.14.1/lib/guava-jdk5-17.0.jar
7f337c051000-7f337c070000 r--s 001d1000 08:08 587598                     /home/suraj/android-studio/gradle/gradle-2.14.1/lib/ant-1.9.6.jar
7f337c070000-7f337c0a7000 r--s 001bd000 08:08 587601                     /home/suraj/android-studio/gradle/gradle-2.14.1/lib/gradle-core-2.14.1.jar
7f337c0a7000-7f337c0b2000 r--s 00051000 08:08 587605                     /home/suraj/android-studio/gradle/gradle-2.14.1/lib/gradle-launcher-2.14.1.jar
7f337c0b2000-7f337c0b5000 ---p 00000000 00:00 0 
7f337c0b5000-7f337c1b3000 rw-p 00000000 00:00 0                          [stack:10034]
7f337c1b3000-7f337c1b6000 ---p 00000000 00:00 0 
7f337c1b6000-7f337c2b4000 rw-p 00000000 00:00 0                          [stack:10033]
7f337c2b4000-7f337c2b7000 ---p 00000000 00:00 0 
7f337c2b7000-7f337c3b5000 rw-p 00000000 00:00 0                          [stack:10032]
7f337c3b5000-7f337c3b8000 ---p 00000000 00:00 0 
7f337c3b8000-7f337c4b6000 rw-p 00000000 00:00 0                          [stack:10031]
7f337c4b6000-7f337c4b7000 ---p 00000000 00:00 0 
7f337c4b7000-7f337d428000 rw-p 00000000 00:00 0                          [stack:10030]
7f337d428000-7f337d600000 r--s 03d2a000 08:07 911911                     /usr/lib/jvm/java-8-oracle/jre/lib/rt.jar
7f337d600000-7f3380000000 rw-p 00000000 00:00 0 
7f3380000000-7f3380021000 rw-p 00000000 00:00 0 
7f3380021000-7f3384000000 ---p 00000000 00:00 0 
7f3384000000-7f3384002000 r--s 00007000 08:08 587596                     /home/suraj/android-studio/gradle/gradle-2.14.1/lib/gradle-model-groovy-2.14.1.jar
7f3384002000-7f3384007000 r--s 00041000 08:08 587610                     /home/suraj/android-studio/gradle/gradle-2.14.1/lib/commons-lang-2.6.jar
7f3384007000-7f33841c0000 rw-p 00000000 00:00 0 
7f33841c0000-7f33841c1000 ---p 00000000 00:00 0 
7f33841c1000-7f33842c1000 rw-p 00000000 00:00 0                          [stack:10029]
7f33842c1000-7f33842c2000 ---p 00000000 00:00 0 
7f33842c2000-7f33843c2000 rw-p 00000000 00:00 0                          [stack:10028]
7f33843c2000-7f33843c3000 ---p 00000000 00:00 0 
7f33843c3000-7f33844d8000 rw-p 00000000 00:00 0                          [stack:10027]
7f33844d8000-7f3384619000 ---p 00000000 00:00 0 
7f3384619000-7f338462e000 rw-p 00000000 00:00 0 
7f338462e000-7f338476e000 ---p 00000000 00:00 0 
7f338476e000-7f33847cd000 rw-p 00000000 00:00 0 
7f33847cd000-7f3384819000 ---p 00000000 00:00 0 
7f3384819000-7f338485f000 rw-p 00000000 00:00 0 
7f338485f000-7f3384bda000 ---p 00000000 00:00 0 
7f3384bda000-7f3385d0a000 rwxp 00000000 00:00 0 
7f3385d0a000-7f3393bda000 ---p 00000000 00:00 0 
7f3393bda000-7f3393bf4000 r-xp 00000000 08:07 911506                     /usr/lib/jvm/java-8-oracle/jre/lib/amd64/libzip.so
7f3393bf4000-7f3393df4000 ---p 0001a000 08:07 911506                     /usr/lib/jvm/java-8-oracle/jre/lib/amd64/libzip.so
7f3393df4000-7f3393df5000 rw-p 0001a000 08:07 911506                     /usr/lib/jvm/java-8-oracle/jre/lib/amd64/libzip.so
7f3393df5000-7f3393dff000 r-xp 00000000 08:07 12252                      /lib/x86_64-linux-gnu/libnss_files-2.19.so
7f3393dff000-7f3393ffe000 ---p 0000a000 08:07 12252                      /lib/x86_64-linux-gnu/libnss_files-2.19.so
7f3393ffe000-7f3393fff000 r--p 00009000 08:07 12252                      /lib/x86_64-linux-gnu/libnss_files-2.19.so
7f3393fff000-7f3394000000 rw-p 0000a000 08:07 12252                      /lib/x86_64-linux-gnu/libnss_files-2.19.so
7f3394000000-7f3394c14000 rw-p 00000000 00:00 0 
7f3394c14000-7f3398000000 ---p 00000000 00:00 0 
7f3398000000-7f3398008000 r--s 0003a000 08:08 587609                     /home/suraj/android-studio/gradle/gradle-2.14.1/lib/gradle-base-services-2.14.1.jar
7f3398008000-7f3398009000 ---p 00000000 00:00 0 
7f3398009000-7f3398109000 rw-p 00000000 00:00 0                          [stack:10026]
7f3398109000-7f3398114000 r-xp 00000000 08:07 12244                      /lib/x86_64-linux-gnu/libnss_nis-2.19.so
7f3398114000-7f3398313000 ---p 0000b000 08:07 12244                      /lib/x86_64-linux-gnu/libnss_nis-2.19.so
7f3398313000-7f3398314000 r--p 0000a000 08:07 12244                      /lib/x86_64-linux-gnu/libnss_nis-2.19.so
7f3398314000-7f3398315000 rw-p 0000b000 08:07 12244                      /lib/x86_64-linux-gnu/libnss_nis-2.19.so
7f3398315000-7f339832c000 r-xp 00000000 08:07 12240                      /lib/x86_64-linux-gnu/libnsl-2.19.so
7f339832c000-7f339852b000 ---p 00017000 08:07 12240                      /lib/x86_64-linux-gnu/libnsl-2.19.so
7f339852b000-7f339852c000 r--p 00016000 08:07 12240                      /lib/x86_64-linux-gnu/libnsl-2.19.so
7f339852c000-7f339852d000 rw-p 00017000 08:07 12240                      /lib/x86_64-linux-gnu/libnsl-2.19.so
7f339852d000-7f339852f000 rw-p 00000000 00:00 0 
7f339852f000-7f3398538000 r-xp 00000000 08:07 12239                      /lib/x86_64-linux-gnu/libnss_compat-2.19.so
7f3398538000-7f3398737000 ---p 00009000 08:07 12239                      /lib/x86_64-linux-gnu/libnss_compat-2.19.so
7f3398737000-7f3398738000 r--p 00008000 08:07 12239                      /lib/x86_64-linux-gnu/libnss_compat-2.19.so
7f3398738000-7f3398739000 rw-p 00009000 08:07 12239                      /lib/x86_64-linux-gnu/libnss_compat-2.19.so
7f3398739000-7f3398764000 r-xp 00000000 08:07 911578                     /usr/lib/jvm/java-8-oracle/jre/lib/amd64/libjava.so
7f3398764000-7f3398963000 ---p 0002b000 08:07 911578                     /usr/lib/jvm/java-8-oracle/jre/lib/amd64/libjava.so
7f3398963000-7f3398965000 rw-p 0002a000 08:07 911578                     /usr/lib/jvm/java-8-oracle/jre/lib/amd64/libjava.so
7f3398965000-7f3398972000 r-xp 00000000 08:07 911690                     /usr/lib/jvm/java-8-oracle/jre/lib/amd64/libverify.so
7f3398972000-7f3398b71000 ---p 0000d000 08:07 911690                     /usr/lib/jvm/java-8-oracle/jre/lib/amd64/libverify.so
7f3398b71000-7f3398b73000 rw-p 0000c000 08:07 911690                     /usr/lib/jvm/java-8-oracle/jre/lib/amd64/libverify.so
7f3398b73000-7f3398b7a000 r-xp 00000000 08:07 12248                      /lib/x86_64-linux-gnu/librt-2.19.so
7f3398b7a000-7f3398d79000 ---p 00007000 08:07 12248                      /lib/x86_64-linux-gnu/librt-2.19.so
7f3398d79000-7f3398d7a000 r--p 00006000 08:07 12248                      /lib/x86_64-linux-gnu/librt-2.19.so
7f3398d7a000-7f3398d7b000 rw-p 00007000 08:07 12248                      /lib/x86_64-linux-gnu/librt-2.19.so
7f3398d7b000-7f3398e80000 r-xp 00000000 08:07 10642                      /lib/x86_64-linux-gnu/libm-2.19.so
7f3398e80000-7f339907f000 ---p 00105000 08:07 10642                      /lib/x86_64-linux-gnu/libm-2.19.so
7f339907f000-7f3399080000 r--p 00104000 08:07 10642                      /lib/x86_64-linux-gnu/libm-2.19.so
7f3399080000-7f3399081000 rw-p 00105000 08:07 10642                      /lib/x86_64-linux-gnu/libm-2.19.so
7f3399081000-7f3399d4e000 r-xp 00000000 08:07 911638                     /usr/lib/jvm/java-8-oracle/jre/lib/amd64/server/libjvm.so
7f3399d4e000-7f3399f4d000 ---p 00ccd000 08:07 911638                     /usr/lib/jvm/java-8-oracle/jre/lib/amd64/server/libjvm.so
7f3399f4d000-7f339a026000 rw-p 00ccc000 08:07 911638                     /usr/lib/jvm/java-8-oracle/jre/lib/amd64/server/libjvm.so
7f339a026000-7f339a071000 rw-p 00000000 00:00 0 
7f339a071000-7f339a22b000 r-xp 00000000 08:07 12249                      /lib/x86_64-linux-gnu/libc-2.19.so
7f339a22b000-7f339a42b000 ---p 001ba000 08:07 12249                      /lib/x86_64-linux-gnu/libc-2.19.so
7f339a42b000-7f339a42f000 r--p 001ba000 08:07 12249                      /lib/x86_64-linux-gnu/libc-2.19.so
7f339a42f000-7f339a431000 rw-p 001be000 08:07 12249                      /lib/x86_64-linux-gnu/libc-2.19.so
7f339a431000-7f339a436000 rw-p 00000000 00:00 0 
7f339a436000-7f339a439000 r-xp 00000000 08:07 12236                      /lib/x86_64-linux-gnu/libdl-2.19.so
7f339a439000-7f339a638000 ---p 00003000 08:07 12236                      /lib/x86_64-linux-gnu/libdl-2.19.so
7f339a638000-7f339a639000 r--p 00002000 08:07 12236                      /lib/x86_64-linux-gnu/libdl-2.19.so
7f339a639000-7f339a63a000 rw-p 00003000 08:07 12236                      /lib/x86_64-linux-gnu/libdl-2.19.so
7f339a63a000-7f339a64f000 r-xp 00000000 08:07 550623                     /usr/lib/jvm/java-8-oracle/lib/amd64/jli/libjli.so
7f339a64f000-7f339a84f000 ---p 00015000 08:07 550623                     /usr/lib/jvm/java-8-oracle/lib/amd64/jli/libjli.so
7f339a84f000-7f339a850000 rw-p 00015000 08:07 550623                     /usr/lib/jvm/java-8-oracle/lib/amd64/jli/libjli.so
7f339a850000-7f339a869000 r-xp 00000000 08:07 12241                      /lib/x86_64-linux-gnu/libpthread-2.19.so
7f339a869000-7f339aa68000 ---p 00019000 08:07 12241                      /lib/x86_64-linux-gnu/libpthread-2.19.so
7f339aa68000-7f339aa69000 r--p 00018000 08:07 12241                      /lib/x86_64-linux-gnu/libpthread-2.19.so
7f339aa69000-7f339aa6a000 rw-p 00019000 08:07 12241                      /lib/x86_64-linux-gnu/libpthread-2.19.so
7f339aa6a000-7f339aa6e000 rw-p 00000000 00:00 0 
7f339aa6e000-7f339aa91000 r-xp 00000000 08:07 12242                      /lib/x86_64-linux-gnu/ld-2.19.so
7f339aa91000-7f339aa92000 r--s 00006000 08:08 587611                     /home/suraj/android-studio/gradle/gradle-2.14.1/lib/gradle-base-services-groovy-2.14.1.jar
7f339aa92000-7f339aa93000 r--s 00002000 08:08 587604                     /home/suraj/android-studio/gradle/gradle-2.14.1/lib/gradle-docs-2.14.1.jar
7f339aa93000-7f339aa94000 r--s 00000000 08:08 587746                     /home/suraj/android-studio/gradle/gradle-2.14.1/lib/javax.inject-1.jar
7f339aa94000-7f339ab66000 rw-p 00000000 00:00 0 
7f339ab66000-7f339ab69000 ---p 00000000 00:00 0 
7f339ab69000-7f339ac6b000 rw-p 00000000 00:00 0                          [stack:10025]
7f339ac6b000-7f339ac6c000 r--s 00000000 08:08 587602                     /home/suraj/android-studio/gradle/gradle-2.14.1/lib/jcip-annotations-1.0.jar
7f339ac6c000-7f339ac6d000 r--s 00001000 08:08 587623                     /home/suraj/android-studio/gradle/gradle-2.14.1/lib/gradle-process-services-2.14.1.jar
7f339ac6d000-7f339ac6e000 r--s 00000000 08:08 587585                     /home/suraj/android-studio/gradle/gradle-2.14.1/lib/gradle-jvm-services-2.14.1.jar
7f339ac6e000-7f339ac6f000 r--s 00007000 08:08 587595                     /home/suraj/android-studio/gradle/gradle-2.14.1/lib/slf4j-api-1.7.10.jar
7f339ac6f000-7f339ac70000 r--s 00004000 08:08 587613                     /home/suraj/android-studio/gradle/gradle-2.14.1/lib/ant-launcher-1.9.6.jar
7f339ac70000-7f339ac84000 rw-p 00000000 00:00 0 
7f339ac84000-7f339ac8c000 rw-s 00000000 08:07 135105                     /tmp/hsperfdata_suraj/10022
7f339ac8c000-7f339ac8d000 rw-p 00000000 00:00 0 
7f339ac8d000-7f339ac8e000 ---p 00000000 00:00 0 
7f339ac8e000-7f339ac90000 rw-p 00000000 00:00 0 
7f339ac90000-7f339ac91000 r--p 00022000 08:07 12242                      /lib/x86_64-linux-gnu/ld-2.19.so
7f339ac91000-7f339ac92000 rw-p 00023000 08:07 12242                      /lib/x86_64-linux-gnu/ld-2.19.so
7f339ac92000-7f339ac93000 rw-p 00000000 00:00 0 
7fff652a7000-7fff652c9000 rw-p 00000000 00:00 0                          [stack]
7fff652cd000-7fff652cf000 r--p 00000000 00:00 0                          [vvar]
7fff652cf000-7fff652d1000 r-xp 00000000 00:00 0                          [vdso]
ffffffffff600000-ffffffffff601000 r-xp 00000000 00:00 0                  [vsyscall]

VM Arguments:
jvm_args: -XX:MaxPermSize=256m -XX:+HeapDumpOnOutOfMemoryError -Xmx1024m -Dfile.encoding=UTF-8 -Duser.country=IN -Duser.language=en -Duser.variant 
java_command: org.gradle.launcher.daemon.bootstrap.GradleDaemon 2.14.1
java_class_path (initial): /home/suraj/android-studio/gradle/gradle-2.14.1/lib/gradle-launcher-2.14.1.jar
Launcher Type: SUN_STANDARD

Environment Variables:
JAVA_HOME=/usr/lib/jvm/java-8-oracle
PATH=/usr/local/heroku/bin:/home/suraj/.rbenv/plugins/ruby-build/bin:/home/suraj/.rbenv/shims:/home/suraj/.rbenv/bin:/usr/local/sbin:/usr/local/bin:/usr/sbin:/usr/bin:/sbin:/bin:/usr/games:/usr/local/games:/usr/lib/jvm/java-8-oracle/bin:/usr/lib/jvm/java-8-oracle/db/bin:/usr/lib/jvm/java-8-oracle/jre/bin:/home/suraj/scripts/:/home/suraj/scala-2.11.8/bin/:/home/suraj/android/toolchain/arm-cortex_a8-linux-gnueabi-linaro_4.7.4-2014.04/bin:/home/suraj/android/android-sdk-linux/tools:/home/suraj/android/android-sdk-linux/platform-tools
LD_LIBRARY_PATH=/home/suraj/android-studio/bin::/usr/local/lib
SHELL=/bin/bash
DISPLAY=:0
ARCH=arm

Signal Handlers:
SIGSEGV: [libjvm.so+0xac64b0], sa_mask[0]=11111111011111111101111111111110, sa_flags=SA_RESTART|SA_SIGINFO
SIGBUS: [libjvm.so+0xac64b0], sa_mask[0]=11111111011111111101111111111110, sa_flags=SA_RESTART|SA_SIGINFO
SIGFPE: [libjvm.so+0x91f950], sa_mask[0]=11111111011111111101111111111110, sa_flags=SA_RESTART|SA_SIGINFO
SIGPIPE: [libjvm.so+0x91f950], sa_mask[0]=11111111011111111101111111111110, sa_flags=SA_RESTART|SA_SIGINFO
SIGXFSZ: [libjvm.so+0x91f950], sa_mask[0]=11111111011111111101111111111110, sa_flags=SA_RESTART|SA_SIGINFO
SIGILL: [libjvm.so+0x91f950], sa_mask[0]=11111111011111111101111111111110, sa_flags=SA_RESTART|SA_SIGINFO
SIGUSR1: SIG_DFL, sa_mask[0]=00000000000000000000000000000000, sa_flags=none
SIGUSR2: [libjvm.so+0x920f80], sa_mask[0]=00100000000000000000000000000000, sa_flags=SA_RESTART|SA_SIGINFO
SIGHUP: [libjvm.so+0x922380], sa_mask[0]=11111111011111111101111111111110, sa_flags=SA_RESTART|SA_SIGINFO
SIGINT: [libjvm.so+0x922380], sa_mask[0]=11111111011111111101111111111110, sa_flags=SA_RESTART|SA_SIGINFO
SIGTERM: [libjvm.so+0x922380], sa_mask[0]=11111111011111111101111111111110, sa_flags=SA_RESTART|SA_SIGINFO
SIGQUIT: [libjvm.so+0x922380], sa_mask[0]=11111111011111111101111111111110, sa_flags=SA_RESTART|SA_SIGINFO


---------------  S Y S T E M  ---------------

OS:DISTRIB_ID=Ubuntu
DISTRIB_RELEASE=14.04
DISTRIB_CODENAME=trusty
DISTRIB_DESCRIPTION="Ubuntu 14.04.5 LTS"

uname:Linux 3.17.0-031700-generic #201410060605 SMP Mon Oct 6 10:07:09 UTC 2014 x86_64
libc:glibc 2.19 NPTL 2.19 
rlimit: STACK 8192k, CORE 0k, NPROC 15261, NOFILE 4096, AS infinity
load average:7.34 2.21 1.18

/proc/meminfo:
MemTotal:        3952400 kB
MemFree:          105100 kB
MemAvailable:      42028 kB
Buffers:             104 kB
Cached:           598200 kB
SwapCached:            0 kB
Active:          3094156 kB
Inactive:         564460 kB
Active(anon):    3092612 kB
Inactive(anon):   563144 kB
Active(file):       1544 kB
Inactive(file):     1316 kB
Unevictable:          32 kB
Mlocked:              32 kB
SwapTotal:             0 kB
SwapFree:              0 kB
Dirty:                92 kB
Writeback:             0 kB
AnonPages:       3061204 kB
Mapped:           117140 kB
Shmem:            594584 kB
Slab:              72748 kB
SReclaimable:      39916 kB
SUnreclaim:        32832 kB
KernelStack:       10656 kB
PageTables:        36376 kB
NFS_Unstable:          0 kB
Bounce:                0 kB
WritebackTmp:          0 kB
CommitLimit:     1976200 kB
Committed_AS:    7185884 kB
VmallocTotal:   34359738367 kB
VmallocUsed:      352452 kB
VmallocChunk:   34359307100 kB
HardwareCorrupted:     0 kB
AnonHugePages:    999424 kB
HugePages_Total:       0
HugePages_Free:        0
HugePages_Rsvd:        0
HugePages_Surp:        0
Hugepagesize:       2048 kB
DirectMap4k:       79124 kB
DirectMap2M:     2971648 kB
DirectMap1G:     1048576 kB


CPU:total 4 (2 cores per cpu, 2 threads per core) family 6 model 69 stepping 1, cmov, cx8, fxsr, mmx, sse, sse2, sse3, ssse3, sse4.1, sse4.2, popcnt, avx, avx2, aes, clmul, erms, lzcnt, ht, tsc, tscinvbit, bmi1, bmi2

/proc/cpuinfo:
processor	: 0
vendor_id	: GenuineIntel
cpu family	: 6
model		: 69
model name	: Intel(R) Core(TM) i5-4200U CPU @ 1.60GHz
stepping	: 1
microcode	: 0x16
cpu MHz		: 2299.910
cache size	: 3072 KB
physical id	: 0
siblings	: 4
core id		: 0
cpu cores	: 2
apicid		: 0
initial apicid	: 0
fpu		: yes
fpu_exception	: yes
cpuid level	: 13
wp		: yes
flags		: fpu vme de pse tsc msr pae mce cx8 apic sep mtrr pge mca cmov pat pse36 clflush dts acpi mmx fxsr sse sse2 ss ht tm pbe syscall nx pdpe1gb rdtscp lm constant_tsc arch_perfmon pebs bts rep_good nopl xtopology nonstop_tsc aperfmperf eagerfpu pni pclmulqdq dtes64 monitor ds_cpl vmx est tm2 ssse3 fma cx16 xtpr pdcm pcid sse4_1 sse4_2 movbe popcnt tsc_deadline_timer aes xsave avx f16c rdrand lahf_lm abm ida arat epb pln pts dtherm tpr_shadow vnmi flexpriority ept vpid fsgsbase tsc_adjust bmi1 avx2 smep bmi2 erms invpcid xsaveopt
bugs		:
bogomips	: 4589.51
clflush size	: 64
cache_alignment	: 64
address sizes	: 39 bits physical, 48 bits virtual
power management:

processor	: 1
vendor_id	: GenuineIntel
cpu family	: 6
model		: 69
model name	: Intel(R) Core(TM) i5-4200U CPU @ 1.60GHz
stepping	: 1
microcode	: 0x16
cpu MHz		: 2299.910
cache size	: 3072 KB
physical id	: 0
siblings	: 4
core id		: 1
cpu cores	: 2
apicid		: 2
initial apicid	: 2
fpu		: yes
fpu_exception	: yes
cpuid level	: 13
wp		: yes
flags		: fpu vme de pse tsc msr pae mce cx8 apic sep mtrr pge mca cmov pat pse36 clflush dts acpi mmx fxsr sse sse2 ss ht tm pbe syscall nx pdpe1gb rdtscp lm constant_tsc arch_perfmon pebs bts rep_good nopl xtopology nonstop_tsc aperfmperf eagerfpu pni pclmulqdq dtes64 monitor ds_cpl vmx est tm2 ssse3 fma cx16 xtpr pdcm pcid sse4_1 sse4_2 movbe popcnt tsc_deadline_timer aes xsave avx f16c rdrand lahf_lm abm ida arat epb pln pts dtherm tpr_shadow vnmi flexpriority ept vpid fsgsbase tsc_adjust bmi1 avx2 smep bmi2 erms invpcid xsaveopt
bugs		:
bogomips	: 4589.51
clflush size	: 64
cache_alignment	: 64
address sizes	: 39 bits physical, 48 bits virtual
power management:

processor	: 2
vendor_id	: GenuineIntel
cpu family	: 6
model		: 69
model name	: Intel(R) Core(TM) i5-4200U CPU @ 1.60GHz
stepping	: 1
microcode	: 0x16
cpu MHz		: 2154.632
cache size	: 3072 KB
physical id	: 0
siblings	: 4
core id		: 0
cpu cores	: 2
apicid		: 1
initial apicid	: 1
fpu		: yes
fpu_exception	: yes
cpuid level	: 13
wp		: yes
flags		: fpu vme de pse tsc msr pae mce cx8 apic sep mtrr pge mca cmov pat pse36 clflush dts acpi mmx fxsr sse sse2 ss ht tm pbe syscall nx pdpe1gb rdtscp lm constant_tsc arch_perfmon pebs bts rep_good nopl xtopology nonstop_tsc aperfmperf eagerfpu pni pclmulqdq dtes64 monitor ds_cpl vmx est tm2 ssse3 fma cx16 xtpr pdcm pcid sse4_1 sse4_2 movbe popcnt tsc_deadline_timer aes xsave avx f16c rdrand lahf_lm abm ida arat epb pln pts dtherm tpr_shadow vnmi flexpriority ept vpid fsgsbase tsc_adjust bmi1 avx2 smep bmi2 erms invpcid xsaveopt
bugs		:
bogomips	: 4589.51
clflush size	: 64
cache_alignment	: 64
address sizes	: 39 bits physical, 48 bits virtual
power management:

processor	: 3
vendor_id	: GenuineIntel
cpu family	: 6
model		: 69
model name	: Intel(R) Core(TM) i5-4200U CPU @ 1.60GHz
stepping	: 1
microcode	: 0x16
cpu MHz		: 2299.910
cache size	: 3072 KB
physical id	: 0
siblings	: 4
core id		: 1
cpu cores	: 2
apicid		: 3
initial apicid	: 3
fpu		: yes
fpu_exception	: yes
cpuid level	: 13
wp		: yes
flags		: fpu vme de pse tsc msr pae mce cx8 apic sep mtrr pge mca cmov pat pse36 clflush dts acpi mmx fxsr sse sse2 ss ht tm pbe syscall nx pdpe1gb rdtscp lm constant_tsc arch_perfmon pebs bts rep_good nopl xtopology nonstop_tsc aperfmperf eagerfpu pni pclmulqdq dtes64 monitor ds_cpl vmx est tm2 ssse3 fma cx16 xtpr pdcm pcid sse4_1 sse4_2 movbe popcnt tsc_deadline_timer aes xsave avx f16c rdrand lahf_lm abm ida arat epb pln pts dtherm tpr_shadow vnmi flexpriority ept vpid fsgsbase tsc_adjust bmi1 avx2 smep bmi2 erms invpcid xsaveopt
bugs		:
bogomips	: 4589.51
clflush size	: 64
cache_alignment	: 64
address sizes	: 39 bits physical, 48 bits virtual
power management:



Memory: 4k page, physical 3952400k(103424k free), swap 0k(0k free)

vm_info: Java HotSpot(TM) 64-Bit Server VM (25.111-b14) for linux-amd64 JRE (1.8.0_111-b14), built on Sep 22 2016 16:14:03 by "java_re" with gcc 4.3.0 20080428 (Red Hat 4.3.0-8)

time: Mon Dec 12 11:56:22 2016
elapsed time: 110 seconds (0d 0h 1m 50s)

