#
# There is insufficient memory for the Java Runtime Environment to continue.
# Native memory allocation (mmap) failed to map 145752064 bytes for committing reserved memory.
# Possible reasons:
#   The system is out of physical RAM or swap space
#   In 32 bit mode, the process size limit was hit
# Possible solutions:
#   Reduce memory load on the system
#   Increase physical memory or swap space
#   Check if swap backing store is full
#   Use 64 bit Java on a 64 bit OS
#   Decrease Java heap size (-Xmx/-Xms)
#   Decrease number of Java threads
#   Decrease Java thread stack sizes (-Xss)
#   Set larger code cache with -XX:ReservedCodeCacheSize=
# This output file may be truncated or incomplete.
#
#  Out of Memory Error (os_linux.cpp:2627), pid=4573, tid=0x00007fba201f8700
#
# JRE version: Java(TM) SE Runtime Environment (8.0_111-b14) (build 1.8.0_111-b14)
# Java VM: Java HotSpot(TM) 64-Bit Server VM (25.111-b14 mixed mode linux-amd64 compressed oops)
# Failed to write core dump. Core dumps have been disabled. To enable core dumping, try "ulimit -c unlimited" before starting Java again
#

---------------  T H R E A D  ---------------

Current thread (0x00007fba1c078000):  VMThread [stack: 0x00007fba200f8000,0x00007fba201f9000] [id=4608]

Stack: [0x00007fba200f8000,0x00007fba201f9000],  sp=0x00007fba201f7260,  free space=1020k
Native frames: (J=compiled Java code, j=interpreted, Vv=VM code, C=native code)
V  [libjvm.so+0xac5c2a]  VMError::report_and_die()+0x2ba
V  [libjvm.so+0x4fc50b]  report_vm_out_of_memory(char const*, int, unsigned long, VMErrorType, char const*)+0x8b
V  [libjvm.so+0x922ae3]  os::Linux::commit_memory_impl(char*, unsigned long, bool)+0x103
V  [libjvm.so+0x923039]  os::pd_commit_memory(char*, unsigned long, unsigned long, bool)+0x29
V  [libjvm.so+0x91d33a]  os::commit_memory(char*, unsigned long, unsigned long, bool)+0x2a
V  [libjvm.so+0x991ac3]  PSVirtualSpace::expand_by(unsigned long)+0x53
V  [libjvm.so+0x992ec8]  PSYoungGen::resize_generation(unsigned long, unsigned long)+0xf8
V  [libjvm.so+0x992022]  PSYoungGen::resize(unsigned long, unsigned long)+0x22
V  [libjvm.so+0x98f2fb]  PSScavenge::invoke_no_policy()+0xf3b
V  [libjvm.so+0x98fa81]  PSScavenge::invoke()+0x41
V  [libjvm.so+0x9467d0]  ParallelScavengeHeap::failed_mem_allocate(unsigned long)+0x70
V  [libjvm.so+0xac7647]  VM_ParallelGCFailedAllocation::doit()+0x97
V  [libjvm.so+0xacf125]  VM_Operation::evaluate()+0x55
V  [libjvm.so+0xacd4fa]  VMThread::evaluate_operation(VM_Operation*)+0xba
V  [libjvm.so+0xacd87e]  VMThread::loop()+0x1ce
V  [libjvm.so+0xacdcf0]  VMThread::run()+0x70
V  [libjvm.so+0x924ea8]  java_start(Thread*)+0x108

VM_Operation (0x00007fba05efccd0): ParallelGCFailedAllocation, mode: safepoint, requested by thread 0x00007fba1c148000


---------------  P R O C E S S  ---------------

Java Threads: ( => current thread )
  0x00007fba1c14d000 JavaThread "pool-1-thread-4" [_thread_blocked, id=4668, stack(0x00007fba05bfc000,0x00007fba05cfd000)]
  0x00007fba1c148000 JavaThread "pool-1-thread-2" [_thread_blocked, id=4665, stack(0x00007fba05dfe000,0x00007fba05eff000)]
  0x00007fba1c146000 JavaThread "pool-2-thread-1" [_thread_blocked, id=4664, stack(0x00007fba05eff000,0x00007fba06000000)]
  0x00007fba1c144000 JavaThread "pool-1-thread-1" [_thread_blocked, id=4663, stack(0x00007fba0c015000,0x00007fba0c116000)]
  0x00007fba1c0c0800 JavaThread "Service Thread" daemon [_thread_blocked, id=4644, stack(0x00007fba0c217000,0x00007fba0c318000)]
  0x00007fba1c0bd000 JavaThread "C1 CompilerThread2" daemon [_thread_blocked, id=4643, stack(0x00007fba0c318000,0x00007fba0c419000)]
  0x00007fba1c0bb800 JavaThread "C2 CompilerThread1" daemon [_thread_blocked, id=4642, stack(0x00007fba0c419000,0x00007fba0c51a000)]
  0x00007fba1c0b8800 JavaThread "C2 CompilerThread0" daemon [_thread_blocked, id=4641, stack(0x00007fba0c51a000,0x00007fba0c61b000)]
  0x00007fba1c0b7000 JavaThread "Signal Dispatcher" daemon [_thread_blocked, id=4635, stack(0x00007fba0c61b000,0x00007fba0c71c000)]
  0x00007fba1c084000 JavaThread "Finalizer" daemon [_thread_blocked, id=4612, stack(0x00007fba0cdfe000,0x00007fba0ceff000)]
  0x00007fba1c07f800 JavaThread "Reference Handler" daemon [_thread_blocked, id=4611, stack(0x00007fba0ceff000,0x00007fba0d000000)]
  0x00007fba1c00a000 JavaThread "main" [_thread_blocked, id=4576, stack(0x00007fba25799000,0x00007fba2589a000)]

Other Threads:
=>0x00007fba1c078000 VMThread [stack: 0x00007fba200f8000,0x00007fba201f9000] [id=4608]
  0x00007fba1c0c3000 WatcherThread [stack: 0x00007fba0c116000,0x00007fba0c217000] [id=4645]

VM state:at safepoint (normal execution)

VM Mutex/Monitor currently owned by a thread:  ([mutex/lock_event])
[0x00007fba1c006550] Threads_lock - owner thread: 0x00007fba1c078000
[0x00007fba1c006a50] Heap_lock - owner thread: 0x00007fba1c148000

Heap:
 PSYoungGen      total 140288K, used 14329K [0x00000000eab00000, 0x00000000f4300000, 0x0000000100000000)
  eden space 125952K, 0% used [0x00000000eab00000,0x00000000eab00000,0x00000000f2600000)
  from space 14336K, 99% used [0x00000000f2600000,0x00000000f33fe780,0x00000000f3400000)
  to   space 13312K, 0% used [0x00000000f3400000,0x00000000f3400000,0x00000000f4100000)
 ParOldGen       total 42496K, used 35603K [0x00000000c0000000, 0x00000000c2980000, 0x00000000eab00000)
  object space 42496K, 83% used [0x00000000c0000000,0x00000000c22c4f08,0x00000000c2980000)
 Metaspace       used 6383K, capacity 7128K, committed 7424K, reserved 1056768K
  class space    used 631K, capacity 656K, committed 768K, reserved 1048576K

Card table byte_map: [0x00007fba22355000,0x00007fba22556000] byte_map_base: 0x00007fba21d55000

Marking Bits: (ParMarkBitMap*) 0x00007fba24c77220
 Begin Bits: [0x00007fba06000000, 0x00007fba07000000)
 End Bits:   [0x00007fba07000000, 0x00007fba08000000)

Polling page: 0x00007fba258c0000

CodeCache: size=245760Kb used=6717Kb max_used=6717Kb free=239042Kb
 bounds [0x00007fba0d000000, 0x00007fba0d6a0000, 0x00007fba1c000000]
 total_blobs=2009 nmethods=1741 adapters=182
 compilation: enabled

Compilation events (10 events):
Event: 12.889 Thread 0x00007fba1c0bd000 nmethod 2224% 0x00007fba0d68e4d0 code [0x00007fba0d68e760, 0x00007fba0d68f968]
Event: 12.889 Thread 0x00007fba1c0bd000 2223       3       com.android.dx.dex.code.RopTranslator::outputInstructions (69 bytes)
Event: 12.890 Thread 0x00007fba1c0bd000 nmethod 2223 0x00007fba0d690610 code [0x00007fba0d6907a0, 0x00007fba0d690bf8]
Event: 12.890 Thread 0x00007fba1c0bd000 2222       3       com.android.dx.dex.code.BlockAddresses::setupArrays (113 bytes)
Event: 12.902 Thread 0x00007fba1c0bd000 nmethod 2222 0x00007fba0d690dd0 code [0x00007fba0d6910a0, 0x00007fba0d692ab8]
Event: 12.902 Thread 0x00007fba1c0bd000 2220       2       com.android.dx.cf.code.ExecutionStack::clear (40 bytes)
Event: 12.902 Thread 0x00007fba1c0bd000 nmethod 2220 0x00007fba0d6938d0 code [0x00007fba0d693a60, 0x00007fba0d693d48]
Event: 12.902 Thread 0x00007fba1c0bd000 2221       2       com.android.dx.cf.code.Ropper$CatchInfo::getSetup (53 bytes)
Event: 12.903 Thread 0x00007fba1c0bd000 nmethod 2221 0x00007fba0d693f90 code [0x00007fba0d694120, 0x00007fba0d694468]
Event: 12.907 Thread 0x00007fba1c0bd000 2225 %     3       com.android.dx.ssa.SCCP::simulateBranch @ 615 (666 bytes)

GC Heap History (10 events):
Event: 3.779 GC heap after
Heap after GC invocations=2 (full 0):
 PSYoungGen      total 34304K, used 2556K [0x00000000eab00000, 0x00000000ecf00000, 0x0000000100000000)
  eden space 31744K, 0% used [0x00000000eab00000,0x00000000eab00000,0x00000000eca00000)
  from space 2560K, 99% used [0x00000000ecc80000,0x00000000eceff1e8,0x00000000ecf00000)
  to   space 2560K, 0% used [0x00000000eca00000,0x00000000eca00000,0x00000000ecc80000)
 ParOldGen       total 42496K, used 2783K [0x00000000c0000000, 0x00000000c2980000, 0x00000000eab00000)
  object space 42496K, 6% used [0x00000000c0000000,0x00000000c02b7df0,0x00000000c2980000)
 Metaspace       used 5882K, capacity 6776K, committed 7040K, reserved 1056768K
  class space    used 610K, capacity 624K, committed 640K, reserved 1048576K
}
Event: 5.434 GC heap before
{Heap before GC invocations=3 (full 0):
 PSYoungGen      total 34304K, used 34300K [0x00000000eab00000, 0x00000000ecf00000, 0x0000000100000000)
  eden space 31744K, 100% used [0x00000000eab00000,0x00000000eca00000,0x00000000eca00000)
  from space 2560K, 99% used [0x00000000ecc80000,0x00000000eceff1e8,0x00000000ecf00000)
  to   space 2560K, 0% used [0x00000000eca00000,0x00000000eca00000,0x00000000ecc80000)
 ParOldGen       total 42496K, used 2783K [0x00000000c0000000, 0x00000000c2980000, 0x00000000eab00000)
  object space 42496K, 6% used [0x00000000c0000000,0x00000000c02b7df0,0x00000000c2980000)
 Metaspace       used 5942K, capacity 6840K, committed 7040K, reserved 1056768K
  class space    used 610K, capacity 624K, committed 640K, reserved 1048576K
Event: 5.579 GC heap after
Heap after GC invocations=3 (full 0):
 PSYoungGen      total 34304K, used 2534K [0x00000000eab00000, 0x00000000eee00000, 0x0000000100000000)
  eden space 31744K, 0% used [0x00000000eab00000,0x00000000eab00000,0x00000000eca00000)
  from space 2560K, 98% used [0x00000000eca00000,0x00000000ecc798c8,0x00000000ecc80000)
  to   space 2560K, 0% used [0x00000000eeb80000,0x00000000eeb80000,0x00000000eee00000)
 ParOldGen       total 42496K, used 8396K [0x00000000c0000000, 0x00000000c2980000, 0x00000000eab00000)
  object space 42496K, 19% used [0x00000000c0000000,0x00000000c0833348,0x00000000c2980000)
 Metaspace       used 5942K, capacity 6840K, committed 7040K, reserved 1056768K
  class space    used 610K, capacity 624K, committed 640K, reserved 1048576K
}
Event: 6.879 GC heap before
{Heap before GC invocations=4 (full 0):
 PSYoungGen      total 34304K, used 34278K [0x00000000eab00000, 0x00000000eee00000, 0x0000000100000000)
  eden space 31744K, 100% used [0x00000000eab00000,0x00000000eca00000,0x00000000eca00000)
  from space 2560K, 98% used [0x00000000eca00000,0x00000000ecc798c8,0x00000000ecc80000)
  to   space 2560K, 0% used [0x00000000eeb80000,0x00000000eeb80000,0x00000000eee00000)
 ParOldGen       total 42496K, used 8396K [0x00000000c0000000, 0x00000000c2980000, 0x00000000eab00000)
  object space 42496K, 19% used [0x00000000c0000000,0x00000000c0833348,0x00000000c2980000)
 Metaspace       used 6003K, capacity 6904K, committed 7040K, reserved 1056768K
  class space    used 610K, capacity 624K, committed 640K, reserved 1048576K
Event: 7.065 GC heap after
Heap after GC invocations=4 (full 0):
 PSYoungGen      total 66048K, used 2534K [0x00000000eab00000, 0x00000000eee00000, 0x0000000100000000)
  eden space 63488K, 0% used [0x00000000eab00000,0x00000000eab00000,0x00000000ee900000)
  from space 2560K, 98% used [0x00000000eeb80000,0x00000000eedf98c8,0x00000000eee00000)
  to   space 2560K, 0% used [0x00000000ee900000,0x00000000ee900000,0x00000000eeb80000)
 ParOldGen       total 42496K, used 12740K [0x00000000c0000000, 0x00000000c2980000, 0x00000000eab00000)
  object space 42496K, 29% used [0x00000000c0000000,0x00000000c0c713f8,0x00000000c2980000)
 Metaspace       used 6003K, capacity 6904K, committed 7040K, reserved 1056768K
  class space    used 610K, capacity 624K, committed 640K, reserved 1048576K
}
Event: 8.649 GC heap before
{Heap before GC invocations=5 (full 0):
 PSYoungGen      total 66048K, used 66022K [0x00000000eab00000, 0x00000000eee00000, 0x0000000100000000)
  eden space 63488K, 100% used [0x00000000eab00000,0x00000000ee900000,0x00000000ee900000)
  from space 2560K, 98% used [0x00000000eeb80000,0x00000000eedf98c8,0x00000000eee00000)
  to   space 2560K, 0% used [0x00000000ee900000,0x00000000ee900000,0x00000000eeb80000)
 ParOldGen       total 42496K, used 12740K [0x00000000c0000000, 0x00000000c2980000, 0x00000000eab00000)
  object space 42496K, 29% used [0x00000000c0000000,0x00000000c0c713f8,0x00000000c2980000)
 Metaspace       used 6039K, capacity 6904K, committed 7040K, reserved 1056768K
  class space    used 611K, capacity 624K, committed 640K, reserved 1048576K
Event: 8.807 GC heap after
Heap after GC invocations=5 (full 0):
 PSYoungGen      total 66048K, used 2538K [0x00000000eab00000, 0x00000000f4100000, 0x0000000100000000)
  eden space 63488K, 0% used [0x00000000eab00000,0x00000000eab00000,0x00000000ee900000)
  from space 2560K, 99% used [0x00000000ee900000,0x00000000eeb7a890,0x00000000eeb80000)
  to   space 13312K, 0% used [0x00000000f3400000,0x00000000f3400000,0x00000000f4100000)
 ParOldGen       total 42496K, used 22568K [0x00000000c0000000, 0x00000000c2980000, 0x00000000eab00000)
  object space 42496K, 53% used [0x00000000c0000000,0x00000000c160a2f0,0x00000000c2980000)
 Metaspace       used 6039K, capacity 6904K, committed 7040K, reserved 1056768K
  class space    used 611K, capacity 624K, committed 640K, reserved 1048576K
}
Event: 10.142 GC heap before
{Heap before GC invocations=6 (full 0):
 PSYoungGen      total 66048K, used 66026K [0x00000000eab00000, 0x00000000f4100000, 0x0000000100000000)
  eden space 63488K, 100% used [0x00000000eab00000,0x00000000ee900000,0x00000000ee900000)
  from space 2560K, 99% used [0x00000000ee900000,0x00000000eeb7a890,0x00000000eeb80000)
  to   space 13312K, 0% used [0x00000000f3400000,0x00000000f3400000,0x00000000f4100000)
 ParOldGen       total 42496K, used 22568K [0x00000000c0000000, 0x00000000c2980000, 0x00000000eab00000)
  object space 42496K, 53% used [0x00000000c0000000,0x00000000c160a2f0,0x00000000c2980000)
 Metaspace       used 6171K, capacity 7000K, committed 7168K, reserved 1056768K
  class space    used 630K, capacity 656K, committed 768K, reserved 1048576K
Event: 10.445 GC heap after
Heap after GC invocations=6 (full 0):
 PSYoungGen      total 139264K, used 10411K [0x00000000eab00000, 0x00000000f4300000, 0x0000000100000000)
  eden space 125952K, 0% used [0x00000000eab00000,0x00000000eab00000,0x00000000f2600000)
  from space 13312K, 78% used [0x00000000f3400000,0x00000000f3e2af28,0x00000000f4100000)
  to   space 14336K, 0% used [0x00000000f2600000,0x00000000f2600000,0x00000000f3400000)
 ParOldGen       total 42496K, used 22568K [0x00000000c0000000, 0x00000000c2980000, 0x00000000eab00000)
  object space 42496K, 53% used [0x00000000c0000000,0x00000000c160a2f0,0x00000000c2980000)
 Metaspace       used 6171K, capacity 7000K, committed 7168K, reserved 1056768K
  class space    used 630K, capacity 656K, committed 768K, reserved 1048576K
}
Event: 12.938 GC heap before
{Heap before GC invocations=7 (full 0):
 PSYoungGen      total 139264K, used 136363K [0x00000000eab00000, 0x00000000f4300000, 0x0000000100000000)
  eden space 125952K, 100% used [0x00000000eab00000,0x00000000f2600000,0x00000000f2600000)
  from space 13312K, 78% used [0x00000000f3400000,0x00000000f3e2af28,0x00000000f4100000)
  to   space 14336K, 0% used [0x00000000f2600000,0x00000000f2600000,0x00000000f3400000)
 ParOldGen       total 42496K, used 22568K [0x00000000c0000000, 0x00000000c2980000, 0x00000000eab00000)
  object space 42496K, 53% used [0x00000000c0000000,0x00000000c160a2f0,0x00000000c2980000)
 Metaspace       used 6383K, capacity 7128K, committed 7424K, reserved 1056768K
  class space    used 631K, capacity 656K, committed 768K, reserved 1048576K

Deoptimization events (10 events):
Event: 6.719 Thread 0x00007fba1c00a000 Uncommon trap: reason=unstable_if action=reinterpret pc=0x00007fba0d1dd868 method=java.lang.String.<init>([CII)V @ 18
Event: 7.237 Thread 0x00007fba1c14d000 Uncommon trap: reason=unstable_if action=reinterpret pc=0x00007fba0d388e04 method=com.android.dx.util.IntList.binarysearch(I)I @ 105
Event: 7.499 Thread 0x00007fba1c14d000 Uncommon trap: reason=unstable_if action=reinterpret pc=0x00007fba0d396dfc method=com.android.dx.ssa.SsaMethod.updateOneDefinition(Lcom/android/dx/ssa/SsaInsn;Lcom/android/dx/rop/code/RegisterSpec;)V @ 4
Event: 8.939 Thread 0x00007fba1c00a000 Uncommon trap: reason=unstable_if action=reinterpret pc=0x00007fba0d4d5650 method=com.android.dx.ssa.SCCP.simulateStmt(Lcom/android/dx/ssa/SsaInsn;)V @ 53
Event: 9.401 Thread 0x00007fba1c14d000 Uncommon trap: reason=unstable_if action=reinterpret pc=0x00007fba0d2ced48 method=java.util.HashMap.putVal(ILjava/lang/Object;Ljava/lang/Object;ZZ)Ljava/lang/Object; @ 162
Event: 9.546 Thread 0x00007fba1c14d000 Uncommon trap: reason=unstable_if action=reinterpret pc=0x00007fba0d3a0674 method=java.util.HashMap.getNode(ILjava/lang/Object;)Ljava/util/HashMap$Node; @ 84
Event: 9.549 Thread 0x00007fba1c14b000 Uncommon trap: reason=unstable_if action=reinterpret pc=0x00007fba0d4cb2f4 method=java.util.HashMap.putVal(ILjava/lang/Object;Ljava/lang/Object;ZZ)Ljava/lang/Object; @ 162
Event: 10.681 Thread 0x00007fba1c14d000 Uncommon trap: reason=bimorphic action=maybe_recompile pc=0x00007fba0d55ab28 method=com.android.dx.ssa.LiteralOpUpgrader.tryReplacingWithConstant(Lcom/android/dx/ssa/NormalSsaInsn;)Z @ 62
Event: 11.415 Thread 0x00007fba1c14b000 Uncommon trap: reason=unstable_if action=reinterpret pc=0x00007fba0d3a7a08 method=com.android.dx.dex.code.OutputFinisher.hasLocalInfo(Lcom/android/dx/dex/code/DalvInsn;)Z @ 24
Event: 12.162 Thread 0x00007fba1c144000 Uncommon trap: reason=unstable_if action=reinterpret pc=0x00007fba0d5fbff0 method=com.android.dx.ssa.SCCP.simulateBranch(Lcom/android/dx/ssa/SsaInsn;)V @ 548

Internal exceptions (7 events):
Event: 0.076 Thread 0x00007fba1c00a000 Exception <a 'java/lang/NoSuchMethodError': Method sun.misc.Unsafe.defineClass(Ljava/lang/String;[BII)Ljava/lang/Class; name or signature does not match> (0x00000000eab07c78) thrown at [/HUDSON3/workspace/8-2-build-linux-amd64/jdk8u111/7883/hotspot/src/sh
Event: 0.076 Thread 0x00007fba1c00a000 Exception <a 'java/lang/NoSuchMethodError': Method sun.misc.Unsafe.prefetchRead(Ljava/lang/Object;J)V name or signature does not match> (0x00000000eab07f60) thrown at [/HUDSON3/workspace/8-2-build-linux-amd64/jdk8u111/7883/hotspot/src/share/vm/prims/jni.c
Event: 3.956 Thread 0x00007fba1c14b000 Implicit null exception at 0x00007fba0d2b7f62 to 0x00007fba0d2b805b
Event: 4.498 Thread 0x00007fba1c14b000 Implicit null exception at 0x00007fba0d2bec34 to 0x00007fba0d2c1009
Event: 9.435 Thread 0x00007fba1c14d000 Exception <a 'java/lang/ArrayIndexOutOfBoundsException': 18> (0x00000000ecd19fa8) thrown at [/HUDSON3/workspace/8-2-build-linux-amd64/jdk8u111/7883/hotspot/src/share/vm/interpreter/interpreterRuntime.cpp, line 366]
Event: 9.435 Thread 0x00007fba1c14d000 Exception <a 'java/lang/ArrayIndexOutOfBoundsException': 145> (0x00000000ecd1bb28) thrown at [/HUDSON3/workspace/8-2-build-linux-amd64/jdk8u111/7883/hotspot/src/share/vm/interpreter/interpreterRuntime.cpp, line 366]
Event: 9.436 Thread 0x00007fba1c14d000 Exception <a 'java/lang/ArrayIndexOutOfBoundsException': 40> (0x00000000ecd1ce10) thrown at [/HUDSON3/workspace/8-2-build-linux-amd64/jdk8u111/7883/hotspot/src/share/vm/interpreter/interpreterRuntime.cpp, line 366]

Events (10 events):
Event: 12.872 Thread 0x00007fba1c14d000 DEOPT PACKING pc=0x00007fba0d583283 sp=0x00007fba05cfb0d0
Event: 12.872 Thread 0x00007fba1c14d000 DEOPT UNPACKING pc=0x00007fba0d047633 sp=0x00007fba05cfae40 mode 0
Event: 12.884 Thread 0x00007fba1c144000 DEOPT PACKING pc=0x00007fba0d60fbc2 sp=0x00007fba0c113cd0
Event: 12.884 Thread 0x00007fba1c144000 DEOPT UNPACKING pc=0x00007fba0d047633 sp=0x00007fba0c113a20 mode 0
Event: 12.886 Thread 0x00007fba1c14b000 DEOPT PACKING pc=0x00007fba0d5824ec sp=0x00007fba05dfbde0
Event: 12.886 Thread 0x00007fba1c14b000 DEOPT UNPACKING pc=0x00007fba0d047633 sp=0x00007fba05dfbbc8 mode 0
Event: 12.886 Thread 0x00007fba1c14b000 DEOPT PACKING pc=0x00007fba0d58386d sp=0x00007fba05dfbf50
Event: 12.886 Thread 0x00007fba1c14b000 DEOPT UNPACKING pc=0x00007fba0d047633 sp=0x00007fba05dfbca8 mode 0
Event: 12.921 Thread 0x00007fba1c14b000 Thread exited: 0x00007fba1c14b000
Event: 12.922 Executing VM operation: ParallelGCFailedAllocation


Dynamic libraries:
00400000-00401000 r-xp 00000000 08:07 550402                             /usr/lib/jvm/java-8-oracle/bin/java
00600000-00601000 rw-p 00000000 08:07 550402                             /usr/lib/jvm/java-8-oracle/bin/java
020c1000-020e2000 rw-p 00000000 00:00 0                                  [heap]
c0000000-c2980000 rw-p 00000000 00:00 0 
c2980000-eab00000 ---p 00000000 00:00 0 
eab00000-f4300000 rw-p 00000000 00:00 0 
fce00000-100000000 ---p 00000000 00:00 0 
100000000-1000c0000 rw-p 00000000 00:00 0 
1000c0000-140000000 ---p 00000000 00:00 0 
7fb9bc000000-7fb9bc021000 rw-p 00000000 00:00 0 
7fb9bc021000-7fb9c0000000 ---p 00000000 00:00 0 
7fb9c4000000-7fb9c4021000 rw-p 00000000 00:00 0 
7fb9c4021000-7fb9c8000000 ---p 00000000 00:00 0 
7fb9c8000000-7fb9c8037000 rw-p 00000000 00:00 0 
7fb9c8037000-7fb9cc000000 ---p 00000000 00:00 0 
7fb9cc000000-7fb9cc040000 rw-p 00000000 00:00 0 
7fb9cc040000-7fb9d0000000 ---p 00000000 00:00 0 
7fb9d0000000-7fb9d0021000 rw-p 00000000 00:00 0 
7fb9d0021000-7fb9d4000000 ---p 00000000 00:00 0 
7fb9d4000000-7fb9d4021000 rw-p 00000000 00:00 0 
7fb9d4021000-7fb9d8000000 ---p 00000000 00:00 0 
7fb9d8000000-7fb9d8021000 rw-p 00000000 00:00 0 
7fb9d8021000-7fb9dc000000 ---p 00000000 00:00 0 
7fb9dc000000-7fb9dc8ec000 rw-p 00000000 00:00 0 
7fb9dc8ec000-7fb9e0000000 ---p 00000000 00:00 0 
7fb9e0000000-7fb9e089b000 rw-p 00000000 00:00 0 
7fb9e089b000-7fb9e4000000 ---p 00000000 00:00 0 
7fb9e4000000-7fb9e4021000 rw-p 00000000 00:00 0 
7fb9e4021000-7fb9e8000000 ---p 00000000 00:00 0 
7fb9e8000000-7fb9e86e8000 rw-p 00000000 00:00 0 
7fb9e86e8000-7fb9ec000000 ---p 00000000 00:00 0 
7fb9ec000000-7fb9ec021000 rw-p 00000000 00:00 0 
7fb9ec021000-7fb9f0000000 ---p 00000000 00:00 0 
7fb9f0000000-7fb9f0021000 rw-p 00000000 00:00 0 
7fb9f0021000-7fb9f4000000 ---p 00000000 00:00 0 
7fb9f4000000-7fb9f4021000 rw-p 00000000 00:00 0 
7fb9f4021000-7fb9f8000000 ---p 00000000 00:00 0 
7fb9f8000000-7fb9f828d000 rw-p 00000000 00:00 0 
7fb9f828d000-7fb9fc000000 ---p 00000000 00:00 0 
7fb9fc000000-7fb9fc021000 rw-p 00000000 00:00 0 
7fb9fc021000-7fba00000000 ---p 00000000 00:00 0 
7fba00000000-7fba00021000 rw-p 00000000 00:00 0 
7fba00021000-7fba04000000 ---p 00000000 00:00 0 
7fba05bfc000-7fba05bff000 ---p 00000000 00:00 0 
7fba05bff000-7fba05cfd000 rw-p 00000000 00:00 0                          [stack:4668]
7fba05cfd000-7fba05d00000 ---p 00000000 00:00 0 
7fba05d00000-7fba05dfe000 rw-p 00000000 00:00 0 
7fba05dfe000-7fba05e01000 ---p 00000000 00:00 0 
7fba05e01000-7fba05eff000 rw-p 00000000 00:00 0                          [stack:4665]
7fba05eff000-7fba05f02000 ---p 00000000 00:00 0 
7fba05f02000-7fba08000000 rw-p 00000000 00:00 0                          [stack:4664]
7fba08000000-7fba08021000 rw-p 00000000 00:00 0 
7fba08021000-7fba0c000000 ---p 00000000 00:00 0 
7fba0c015000-7fba0c018000 ---p 00000000 00:00 0 
7fba0c018000-7fba0c116000 rw-p 00000000 00:00 0                          [stack:4663]
7fba0c116000-7fba0c117000 ---p 00000000 00:00 0 
7fba0c117000-7fba0c217000 rw-p 00000000 00:00 0                          [stack:4645]
7fba0c217000-7fba0c21a000 ---p 00000000 00:00 0 
7fba0c21a000-7fba0c318000 rw-p 00000000 00:00 0                          [stack:4644]
7fba0c318000-7fba0c31b000 ---p 00000000 00:00 0 
7fba0c31b000-7fba0c419000 rw-p 00000000 00:00 0                          [stack:4643]
7fba0c419000-7fba0c41c000 ---p 00000000 00:00 0 
7fba0c41c000-7fba0c51a000 rw-p 00000000 00:00 0                          [stack:4642]
7fba0c51a000-7fba0c51d000 ---p 00000000 00:00 0 
7fba0c51d000-7fba0c61b000 rw-p 00000000 00:00 0                          [stack:4641]
7fba0c61b000-7fba0c61e000 ---p 00000000 00:00 0 
7fba0c61e000-7fba0c71c000 rw-p 00000000 00:00 0                          [stack:4635]
7fba0c71c000-7fba0cdfe000 r--p 00000000 08:07 400878                     /usr/lib/locale/locale-archive
7fba0cdfe000-7fba0ce01000 ---p 00000000 00:00 0 
7fba0ce01000-7fba0ceff000 rw-p 00000000 00:00 0                          [stack:4612]
7fba0ceff000-7fba0cf02000 ---p 00000000 00:00 0 
7fba0cf02000-7fba0d000000 rw-p 00000000 00:00 0                          [stack:4611]
7fba0d000000-7fba0d6a0000 rwxp 00000000 00:00 0 
7fba0d6a0000-7fba1c000000 ---p 00000000 00:00 0 
7fba1c000000-7fba1c392000 rw-p 00000000 00:00 0 
7fba1c392000-7fba20000000 ---p 00000000 00:00 0 
7fba200ea000-7fba200f8000 r--s 000e0000 08:08 550918                     /home/suraj/android/android-sdk-linux/build-tools/24.0.2/lib/dx.jar
7fba200f8000-7fba200f9000 ---p 00000000 00:00 0 
7fba200f9000-7fba211ad000 rw-p 00000000 00:00 0                          [stack:4608]
7fba211ad000-7fba21385000 r--s 03d2a000 08:07 911911                     /usr/lib/jvm/java-8-oracle/jre/lib/rt.jar
7fba21385000-7fba21a7b000 rw-p 00000000 00:00 0 
7fba21a7b000-7fba21bfb000 ---p 00000000 00:00 0 
7fba21bfb000-7fba21dfb000 rw-p 00000000 00:00 0 
7fba21dfb000-7fba21dfc000 ---p 00000000 00:00 0 
7fba21dfc000-7fba21efc000 rw-p 00000000 00:00 0                          [stack:4593]
7fba21efc000-7fba21efd000 ---p 00000000 00:00 0 
7fba21efd000-7fba21ffd000 rw-p 00000000 00:00 0                          [stack:4592]
7fba21ffd000-7fba21ffe000 ---p 00000000 00:00 0 
7fba21ffe000-7fba220fe000 rw-p 00000000 00:00 0                          [stack:4591]
7fba220fe000-7fba220ff000 ---p 00000000 00:00 0 
7fba220ff000-7fba22214000 rw-p 00000000 00:00 0                          [stack:4589]
7fba22214000-7fba22355000 ---p 00000000 00:00 0 
7fba22355000-7fba2236a000 rw-p 00000000 00:00 0 
7fba2236a000-7fba224aa000 ---p 00000000 00:00 0 
7fba224aa000-7fba224f7000 rw-p 00000000 00:00 0 
7fba224f7000-7fba22555000 ---p 00000000 00:00 0 
7fba22555000-7fba22571000 rw-p 00000000 00:00 0 
7fba22571000-7fba22916000 ---p 00000000 00:00 0 
7fba22916000-7fba22930000 r-xp 00000000 08:07 911506                     /usr/lib/jvm/java-8-oracle/jre/lib/amd64/libzip.so
7fba22930000-7fba22b30000 ---p 0001a000 08:07 911506                     /usr/lib/jvm/java-8-oracle/jre/lib/amd64/libzip.so
7fba22b30000-7fba22b31000 rw-p 0001a000 08:07 911506                     /usr/lib/jvm/java-8-oracle/jre/lib/amd64/libzip.so
7fba22b31000-7fba22b3b000 r-xp 00000000 08:07 12252                      /lib/x86_64-linux-gnu/libnss_files-2.19.so
7fba22b3b000-7fba22d3a000 ---p 0000a000 08:07 12252                      /lib/x86_64-linux-gnu/libnss_files-2.19.so
7fba22d3a000-7fba22d3b000 r--p 00009000 08:07 12252                      /lib/x86_64-linux-gnu/libnss_files-2.19.so
7fba22d3b000-7fba22d3c000 rw-p 0000a000 08:07 12252                      /lib/x86_64-linux-gnu/libnss_files-2.19.so
7fba22d3c000-7fba22d47000 r-xp 00000000 08:07 12244                      /lib/x86_64-linux-gnu/libnss_nis-2.19.so
7fba22d47000-7fba22f46000 ---p 0000b000 08:07 12244                      /lib/x86_64-linux-gnu/libnss_nis-2.19.so
7fba22f46000-7fba22f47000 r--p 0000a000 08:07 12244                      /lib/x86_64-linux-gnu/libnss_nis-2.19.so
7fba22f47000-7fba22f48000 rw-p 0000b000 08:07 12244                      /lib/x86_64-linux-gnu/libnss_nis-2.19.so
7fba22f48000-7fba22f5f000 r-xp 00000000 08:07 12240                      /lib/x86_64-linux-gnu/libnsl-2.19.so
7fba22f5f000-7fba2315e000 ---p 00017000 08:07 12240                      /lib/x86_64-linux-gnu/libnsl-2.19.so
7fba2315e000-7fba2315f000 r--p 00016000 08:07 12240                      /lib/x86_64-linux-gnu/libnsl-2.19.so
7fba2315f000-7fba23160000 rw-p 00017000 08:07 12240                      /lib/x86_64-linux-gnu/libnsl-2.19.so
7fba23160000-7fba23162000 rw-p 00000000 00:00 0 
7fba23162000-7fba2316b000 r-xp 00000000 08:07 12239                      /lib/x86_64-linux-gnu/libnss_compat-2.19.so
7fba2316b000-7fba2336a000 ---p 00009000 08:07 12239                      /lib/x86_64-linux-gnu/libnss_compat-2.19.so
7fba2336a000-7fba2336b000 r--p 00008000 08:07 12239                      /lib/x86_64-linux-gnu/libnss_compat-2.19.so
7fba2336b000-7fba2336c000 rw-p 00009000 08:07 12239                      /lib/x86_64-linux-gnu/libnss_compat-2.19.so
7fba2336c000-7fba23397000 r-xp 00000000 08:07 911578                     /usr/lib/jvm/java-8-oracle/jre/lib/amd64/libjava.so
7fba23397000-7fba23596000 ---p 0002b000 08:07 911578                     /usr/lib/jvm/java-8-oracle/jre/lib/amd64/libjava.so
7fba23596000-7fba23598000 rw-p 0002a000 08:07 911578                     /usr/lib/jvm/java-8-oracle/jre/lib/amd64/libjava.so
7fba23598000-7fba235a5000 r-xp 00000000 08:07 911690                     /usr/lib/jvm/java-8-oracle/jre/lib/amd64/libverify.so
7fba235a5000-7fba237a4000 ---p 0000d000 08:07 911690                     /usr/lib/jvm/java-8-oracle/jre/lib/amd64/libverify.so
7fba237a4000-7fba237a6000 rw-p 0000c000 08:07 911690                     /usr/lib/jvm/java-8-oracle/jre/lib/amd64/libverify.so
7fba237a6000-7fba237ad000 r-xp 00000000 08:07 12248                      /lib/x86_64-linux-gnu/librt-2.19.so
7fba237ad000-7fba239ac000 ---p 00007000 08:07 12248                      /lib/x86_64-linux-gnu/librt-2.19.so
7fba239ac000-7fba239ad000 r--p 00006000 08:07 12248                      /lib/x86_64-linux-gnu/librt-2.19.so
7fba239ad000-7fba239ae000 rw-p 00007000 08:07 12248                      /lib/x86_64-linux-gnu/librt-2.19.so
7fba239ae000-7fba23ab3000 r-xp 00000000 08:07 10642                      /lib/x86_64-linux-gnu/libm-2.19.so
7fba23ab3000-7fba23cb2000 ---p 00105000 08:07 10642                      /lib/x86_64-linux-gnu/libm-2.19.so
7fba23cb2000-7fba23cb3000 r--p 00104000 08:07 10642                      /lib/x86_64-linux-gnu/libm-2.19.so
7fba23cb3000-7fba23cb4000 rw-p 00105000 08:07 10642                      /lib/x86_64-linux-gnu/libm-2.19.so
7fba23cb4000-7fba24981000 r-xp 00000000 08:07 911638                     /usr/lib/jvm/java-8-oracle/jre/lib/amd64/server/libjvm.so
7fba24981000-7fba24b80000 ---p 00ccd000 08:07 911638                     /usr/lib/jvm/java-8-oracle/jre/lib/amd64/server/libjvm.so
7fba24b80000-7fba24c59000 rw-p 00ccc000 08:07 911638                     /usr/lib/jvm/java-8-oracle/jre/lib/amd64/server/libjvm.so
7fba24c59000-7fba24ca4000 rw-p 00000000 00:00 0 
7fba24ca4000-7fba24e5e000 r-xp 00000000 08:07 12249                      /lib/x86_64-linux-gnu/libc-2.19.so
7fba24e5e000-7fba2505e000 ---p 001ba000 08:07 12249                      /lib/x86_64-linux-gnu/libc-2.19.so
7fba2505e000-7fba25062000 r--p 001ba000 08:07 12249                      /lib/x86_64-linux-gnu/libc-2.19.so
7fba25062000-7fba25064000 rw-p 001be000 08:07 12249                      /lib/x86_64-linux-gnu/libc-2.19.so
7fba25064000-7fba25069000 rw-p 00000000 00:00 0 
7fba25069000-7fba2506c000 r-xp 00000000 08:07 12236                      /lib/x86_64-linux-gnu/libdl-2.19.so
7fba2506c000-7fba2526b000 ---p 00003000 08:07 12236                      /lib/x86_64-linux-gnu/libdl-2.19.so
7fba2526b000-7fba2526c000 r--p 00002000 08:07 12236                      /lib/x86_64-linux-gnu/libdl-2.19.so
7fba2526c000-7fba2526d000 rw-p 00003000 08:07 12236                      /lib/x86_64-linux-gnu/libdl-2.19.so
7fba2526d000-7fba25282000 r-xp 00000000 08:07 550623                     /usr/lib/jvm/java-8-oracle/lib/amd64/jli/libjli.so
7fba25282000-7fba25482000 ---p 00015000 08:07 550623                     /usr/lib/jvm/java-8-oracle/lib/amd64/jli/libjli.so
7fba25482000-7fba25483000 rw-p 00015000 08:07 550623                     /usr/lib/jvm/java-8-oracle/lib/amd64/jli/libjli.so
7fba25483000-7fba2549c000 r-xp 00000000 08:07 12241                      /lib/x86_64-linux-gnu/libpthread-2.19.so
7fba2549c000-7fba2569b000 ---p 00019000 08:07 12241                      /lib/x86_64-linux-gnu/libpthread-2.19.so
7fba2569b000-7fba2569c000 r--p 00018000 08:07 12241                      /lib/x86_64-linux-gnu/libpthread-2.19.so
7fba2569c000-7fba2569d000 rw-p 00019000 08:07 12241                      /lib/x86_64-linux-gnu/libpthread-2.19.so
7fba2569d000-7fba256a1000 rw-p 00000000 00:00 0 
7fba256a1000-7fba256c4000 r-xp 00000000 08:07 12242                      /lib/x86_64-linux-gnu/ld-2.19.so
7fba256c7000-7fba25799000 rw-p 00000000 00:00 0 
7fba25799000-7fba2579c000 ---p 00000000 00:00 0 
7fba2579c000-7fba2589e000 rw-p 00000000 00:00 0                          [stack:4576]
7fba258a2000-7fba258b7000 rw-p 00000000 00:00 0 
7fba258b7000-7fba258bf000 rw-s 00000000 08:07 135114                     /tmp/hsperfdata_suraj/4573
7fba258bf000-7fba258c0000 rw-p 00000000 00:00 0 
7fba258c0000-7fba258c1000 ---p 00000000 00:00 0 
7fba258c1000-7fba258c3000 rw-p 00000000 00:00 0 
7fba258c3000-7fba258c4000 r--p 00022000 08:07 12242                      /lib/x86_64-linux-gnu/ld-2.19.so
7fba258c4000-7fba258c5000 rw-p 00023000 08:07 12242                      /lib/x86_64-linux-gnu/ld-2.19.so
7fba258c5000-7fba258c6000 rw-p 00000000 00:00 0 
7fff7c167000-7fff7c189000 rw-p 00000000 00:00 0                          [stack]
7fff7c1fc000-7fff7c1fe000 r--p 00000000 00:00 0                          [vvar]
7fff7c1fe000-7fff7c200000 r-xp 00000000 00:00 0                          [vdso]
ffffffffff600000-ffffffffff601000 r-xp 00000000 00:00 0                  [vsyscall]

VM Arguments:
jvm_args: -Djava.awt.headless=true -Xmx1024M -Dfile.encoding=UTF-8 -Duser.country=IN -Duser.language=en -Duser.variant 
java_command: com.android.dx.command.Main --dex --num-threads=4 --output /home/suraj/AndroidstudioProjects/MyApplication/app/build/intermediates/pre-dexed/debug/com.android.support-appcompat-v7-24.2.0_3c56db1e0399b453d1800efa4ff906a960de4043.jar /home/suraj/AndroidstudioProjects/MyApplication/app/build/intermediates/exploded-aar/com.android.support/appcompat-v7/24.2.0/jars/classes.jar
java_class_path (initial): /home/suraj/android/android-sdk-linux/build-tools/24.0.2/lib/dx.jar
Launcher Type: SUN_STANDARD

Environment Variables:
JAVA_HOME=/usr/lib/jvm/java-8-oracle
PATH=/usr/local/heroku/bin:/home/suraj/.rbenv/plugins/ruby-build/bin:/home/suraj/.rbenv/shims:/home/suraj/.rbenv/bin:/usr/local/sbin:/usr/local/bin:/usr/sbin:/usr/bin:/sbin:/bin:/usr/games:/usr/local/games:/usr/lib/jvm/java-8-oracle/bin:/usr/lib/jvm/java-8-oracle/db/bin:/usr/lib/jvm/java-8-oracle/jre/bin:/home/suraj/scripts/:/home/suraj/scala-2.11.8/bin/:/home/suraj/android/toolchain/arm-cortex_a8-linux-gnueabi-linaro_4.7.4-2014.04/bin:/home/suraj/android/android-sdk-linux/tools:/home/suraj/android/android-sdk-linux/platform-tools
LD_LIBRARY_PATH=/home/suraj/android-studio/bin::/usr/local/lib
SHELL=/bin/bash
DISPLAY=:0
ARCH=arm

Signal Handlers:
SIGSEGV: [libjvm.so+0xac64b0], sa_mask[0]=11111111011111111101111111111110, sa_flags=SA_RESTART|SA_SIGINFO
SIGBUS: [libjvm.so+0xac64b0], sa_mask[0]=11111111011111111101111111111110, sa_flags=SA_RESTART|SA_SIGINFO
SIGFPE: [libjvm.so+0x91f950], sa_mask[0]=11111111011111111101111111111110, sa_flags=SA_RESTART|SA_SIGINFO
SIGPIPE: [libjvm.so+0x91f950], sa_mask[0]=11111111011111111101111111111110, sa_flags=SA_RESTART|SA_SIGINFO
SIGXFSZ: [libjvm.so+0x91f950], sa_mask[0]=11111111011111111101111111111110, sa_flags=SA_RESTART|SA_SIGINFO
SIGILL: [libjvm.so+0x91f950], sa_mask[0]=11111111011111111101111111111110, sa_flags=SA_RESTART|SA_SIGINFO
SIGUSR1: SIG_DFL, sa_mask[0]=00000000000000000000000000000000, sa_flags=none
SIGUSR2: [libjvm.so+0x920f80], sa_mask[0]=00100000000000000000000000000000, sa_flags=SA_RESTART|SA_SIGINFO
SIGHUP: [libjvm.so+0x922380], sa_mask[0]=11111111011111111101111111111110, sa_flags=SA_RESTART|SA_SIGINFO
SIGINT: [libjvm.so+0x922380], sa_mask[0]=11111111011111111101111111111110, sa_flags=SA_RESTART|SA_SIGINFO
SIGTERM: [libjvm.so+0x922380], sa_mask[0]=11111111011111111101111111111110, sa_flags=SA_RESTART|SA_SIGINFO
SIGQUIT: [libjvm.so+0x922380], sa_mask[0]=11111111011111111101111111111110, sa_flags=SA_RESTART|SA_SIGINFO


---------------  S Y S T E M  ---------------

OS:DISTRIB_ID=Ubuntu
DISTRIB_RELEASE=14.04
DISTRIB_CODENAME=trusty
DISTRIB_DESCRIPTION="Ubuntu 14.04.5 LTS"

uname:Linux 3.17.0-031700-generic #201410060605 SMP Mon Oct 6 10:07:09 UTC 2014 x86_64
libc:glibc 2.19 NPTL 2.19 
rlimit: STACK 8192k, CORE 0k, NPROC 15261, NOFILE 4096, AS infinity
load average:7.14 2.31 1.06

/proc/meminfo:
MemTotal:        3952400 kB
MemFree:          115324 kB
MemAvailable:      67332 kB
Buffers:            1120 kB
Cached:           316848 kB
SwapCached:            0 kB
Active:          3360768 kB
Inactive:         298104 kB
Active(anon):    3352020 kB
Inactive(anon):   273632 kB
Active(file):       8748 kB
Inactive(file):    24472 kB
Unevictable:          32 kB
Mlocked:              32 kB
SwapTotal:             0 kB
SwapFree:              0 kB
Dirty:              3968 kB
Writeback:             0 kB
AnonPages:       3341296 kB
Mapped:           102980 kB
Shmem:            283840 kB
Slab:              72360 kB
SReclaimable:      39720 kB
SUnreclaim:        32640 kB
KernelStack:       12512 kB
PageTables:        36720 kB
NFS_Unstable:          0 kB
Bounce:                0 kB
WritebackTmp:          0 kB
CommitLimit:     1976200 kB
Committed_AS:    7566500 kB
VmallocTotal:   34359738367 kB
VmallocUsed:      352420 kB
VmallocChunk:   34359302976 kB
HardwareCorrupted:     0 kB
AnonHugePages:    894976 kB
HugePages_Total:       0
HugePages_Free:        0
HugePages_Rsvd:        0
HugePages_Surp:        0
Hugepagesize:       2048 kB
DirectMap4k:       75028 kB
DirectMap2M:     2975744 kB
DirectMap1G:     1048576 kB


CPU:total 4 (2 cores per cpu, 2 threads per core) family 6 model 69 stepping 1, cmov, cx8, fxsr, mmx, sse, sse2, sse3, ssse3, sse4.1, sse4.2, popcnt, avx, avx2, aes, clmul, erms, lzcnt, ht, tsc, tscinvbit, bmi1, bmi2

/proc/cpuinfo:
processor	: 0
vendor_id	: GenuineIntel
cpu family	: 6
model		: 69
model name	: Intel(R) Core(TM) i5-4200U CPU @ 1.60GHz
stepping	: 1
microcode	: 0x16
cpu MHz		: 1699.933
cache size	: 3072 KB
physical id	: 0
siblings	: 4
core id		: 0
cpu cores	: 2
apicid		: 0
initial apicid	: 0
fpu		: yes
fpu_exception	: yes
cpuid level	: 13
wp		: yes
flags		: fpu vme de pse tsc msr pae mce cx8 apic sep mtrr pge mca cmov pat pse36 clflush dts acpi mmx fxsr sse sse2 ss ht tm pbe syscall nx pdpe1gb rdtscp lm constant_tsc arch_perfmon pebs bts rep_good nopl xtopology nonstop_tsc aperfmperf eagerfpu pni pclmulqdq dtes64 monitor ds_cpl vmx est tm2 ssse3 fma cx16 xtpr pdcm pcid sse4_1 sse4_2 movbe popcnt tsc_deadline_timer aes xsave avx f16c rdrand lahf_lm abm ida arat epb pln pts dtherm tpr_shadow vnmi flexpriority ept vpid fsgsbase tsc_adjust bmi1 avx2 smep bmi2 erms invpcid xsaveopt
bugs		:
bogomips	: 4589.18
clflush size	: 64
cache_alignment	: 64
address sizes	: 39 bits physical, 48 bits virtual
power management:

processor	: 1
vendor_id	: GenuineIntel
cpu family	: 6
model		: 69
model name	: Intel(R) Core(TM) i5-4200U CPU @ 1.60GHz
stepping	: 1
microcode	: 0x16
cpu MHz		: 1699.933
cache size	: 3072 KB
physical id	: 0
siblings	: 4
core id		: 1
cpu cores	: 2
apicid		: 2
initial apicid	: 2
fpu		: yes
fpu_exception	: yes
cpuid level	: 13
wp		: yes
flags		: fpu vme de pse tsc msr pae mce cx8 apic sep mtrr pge mca cmov pat pse36 clflush dts acpi mmx fxsr sse sse2 ss ht tm pbe syscall nx pdpe1gb rdtscp lm constant_tsc arch_perfmon pebs bts rep_good nopl xtopology nonstop_tsc aperfmperf eagerfpu pni pclmulqdq dtes64 monitor ds_cpl vmx est tm2 ssse3 fma cx16 xtpr pdcm pcid sse4_1 sse4_2 movbe popcnt tsc_deadline_timer aes xsave avx f16c rdrand lahf_lm abm ida arat epb pln pts dtherm tpr_shadow vnmi flexpriority ept vpid fsgsbase tsc_adjust bmi1 avx2 smep bmi2 erms invpcid xsaveopt
bugs		:
bogomips	: 4589.18
clflush size	: 64
cache_alignment	: 64
address sizes	: 39 bits physical, 48 bits virtual
power management:

processor	: 2
vendor_id	: GenuineIntel
cpu family	: 6
model		: 69
model name	: Intel(R) Core(TM) i5-4200U CPU @ 1.60GHz
stepping	: 1
microcode	: 0x16
cpu MHz		: 1699.933
cache size	: 3072 KB
physical id	: 0
siblings	: 4
core id		: 0
cpu cores	: 2
apicid		: 1
initial apicid	: 1
fpu		: yes
fpu_exception	: yes
cpuid level	: 13
wp		: yes
flags		: fpu vme de pse tsc msr pae mce cx8 apic sep mtrr pge mca cmov pat pse36 clflush dts acpi mmx fxsr sse sse2 ss ht tm pbe syscall nx pdpe1gb rdtscp lm constant_tsc arch_perfmon pebs bts rep_good nopl xtopology nonstop_tsc aperfmperf eagerfpu pni pclmulqdq dtes64 monitor ds_cpl vmx est tm2 ssse3 fma cx16 xtpr pdcm pcid sse4_1 sse4_2 movbe popcnt tsc_deadline_timer aes xsave avx f16c rdrand lahf_lm abm ida arat epb pln pts dtherm tpr_shadow vnmi flexpriority ept vpid fsgsbase tsc_adjust bmi1 avx2 smep bmi2 erms invpcid xsaveopt
bugs		:
bogomips	: 4589.18
clflush size	: 64
cache_alignment	: 64
address sizes	: 39 bits physical, 48 bits virtual
power management:

processor	: 3
vendor_id	: GenuineIntel
cpu family	: 6
model		: 69
model name	: Intel(R) Core(TM) i5-4200U CPU @ 1.60GHz
stepping	: 1
microcode	: 0x16
cpu MHz		: 1699.933
cache size	: 3072 KB
physical id	: 0
siblings	: 4
core id		: 1
cpu cores	: 2
apicid		: 3
initial apicid	: 3
fpu		: yes
fpu_exception	: yes
cpuid level	: 13
wp		: yes
flags		: fpu vme de pse tsc msr pae mce cx8 apic sep mtrr pge mca cmov pat pse36 clflush dts acpi mmx fxsr sse sse2 ss ht tm pbe syscall nx pdpe1gb rdtscp lm constant_tsc arch_perfmon pebs bts rep_good nopl xtopology nonstop_tsc aperfmperf eagerfpu pni pclmulqdq dtes64 monitor ds_cpl vmx est tm2 ssse3 fma cx16 xtpr pdcm pcid sse4_1 sse4_2 movbe popcnt tsc_deadline_timer aes xsave avx f16c rdrand lahf_lm abm ida arat epb pln pts dtherm tpr_shadow vnmi flexpriority ept vpid fsgsbase tsc_adjust bmi1 avx2 smep bmi2 erms invpcid xsaveopt
bugs		:
bogomips	: 4589.18
clflush size	: 64
cache_alignment	: 64
address sizes	: 39 bits physical, 48 bits virtual
power management:



Memory: 4k page, physical 3952400k(115324k free), swap 0k(0k free)

vm_info: Java HotSpot(TM) 64-Bit Server VM (25.111-b14) for linux-amd64 JRE (1.8.0_111-b14), built on Sep 22 2016 16:14:03 by "java_re" with gcc 4.3.0 20080428 (Red Hat 4.3.0-8)

time: Thu Dec 15 09:13:56 2016
elapsed time: 13 seconds (0d 0h 0m 13s)

